DECK CONTENTS
350r
Avenger
Carrack
Constellation
Hawk
Hornet
Hurricane
Idris
m50
Merchantman
Orion
Sabre
Vanguard
350r
Avenger
Carrack
Constellation
Hawk
Hornet
Hurricane
Idris
m50
Merchantman
Orion
Sabre
Vanguard
350r
Avenger
Carrack
Constellation
Hawk
Hornet
Hurricane
Idris
m50
Merchantman
Orion
Sabre
Vanguard
Avenger

-------------------------
SHUFFLED DECK
Avenger
Constellation
Merchantman
Sabre
m50
Sabre
Constellation
Constellation
Orion
Merchantman
Carrack
Vanguard
Vanguard
Hornet
Idris
m50
Carrack
Hawk
Hawk
Avenger
Carrack
350r
Orion
Idris
Idris
Avenger
Hurricane
Hurricane
350r
Vanguard
Hornet
Hawk
Avenger
Orion
Hornet
350r
Merchantman
Hurricane
m50
Sabre

-------------------------
ROUND 1
-------------------------

CARDS IN PLAY
Avenger
Constellation
Merchantman
Sabre
m50

-------------------------

AI PLAYER 4 SELECTS speed

Avenger : speed 5
Constellation : speed 5
Merchantman : speed 3
Sabre : speed 7
m50 : speed 10
-------------------------

AI PLAYER 4 WINS ROUND 1
-------------------------
ALLOCATED DECKS

USER DECK
Sabre
Carrack
m50
Carrack
Avenger
Hornet
350r

AI PLAYER 1's DECK
Constellation
Vanguard
Carrack
350r
Hurricane
Hawk
Merchantman

AI PLAYER 2's DECK
Constellation
Vanguard
Hawk
Orion
Hurricane
Avenger
Hurricane

AI PLAYER 3's DECK
Orion
Hornet
Hawk
Idris
350r
Orion
m50

AI PLAYER 4's DECK
Merchantman
Idris
Avenger
Idris
Vanguard
Hornet
Sabre
Merchantman
m50
Sabre
Constellation
Avenger

-------------------------
ROUND 2
-------------------------

CARDS IN PLAY
Sabre
Constellation
Constellation
Orion
Merchantman

-------------------------

AI PLAYER 4 SELECTS cargo

Sabre : cargo 0
Constellation : cargo 4
Constellation : cargo 4
Orion : cargo 9
Merchantman : cargo 8
-------------------------

AI PLAYER 3 WINS ROUND 2
-------------------------
ALLOCATED DECKS

USER DECK
Carrack
m50
Carrack
Avenger
Hornet
350r

AI PLAYER 1's DECK
Vanguard
Carrack
350r
Hurricane
Hawk
Merchantman

AI PLAYER 2's DECK
Vanguard
Hawk
Orion
Hurricane
Avenger
Hurricane

AI PLAYER 3's DECK
Hornet
Hawk
Idris
350r
Orion
m50
Merchantman
Constellation
Sabre
Orion
Constellation

AI PLAYER 4's DECK
Idris
Avenger
Idris
Vanguard
Hornet
Sabre
Merchantman
m50
Sabre
Constellation
Avenger

-------------------------
ROUND 3
-------------------------

CARDS IN PLAY
Carrack
Vanguard
Vanguard
Hornet
Idris

-------------------------

AI PLAYER 3 SELECTS speed

Carrack : speed 2
Vanguard : speed 4
Vanguard : speed 4
Hornet : speed 5
Idris : speed 2
-------------------------

AI PLAYER 3 WINS ROUND 3
-------------------------
ALLOCATED DECKS

USER DECK
m50
Carrack
Avenger
Hornet
350r

AI PLAYER 1's DECK
Carrack
350r
Hurricane
Hawk
Merchantman

AI PLAYER 2's DECK
Hawk
Orion
Hurricane
Avenger
Hurricane

AI PLAYER 3's DECK
Hawk
Idris
350r
Orion
m50
Merchantman
Constellation
Sabre
Orion
Constellation
Carrack
Hornet
Idris
Vanguard
Vanguard

AI PLAYER 4's DECK
Avenger
Idris
Vanguard
Hornet
Sabre
Merchantman
m50
Sabre
Constellation
Avenger

-------------------------
ROUND 4
-------------------------

CARDS IN PLAY
m50
Carrack
Hawk
Hawk
Avenger

-------------------------

AI PLAYER 3 SELECTS firepower

m50 : firepower 2
Carrack : firepower 4
Hawk : firepower 4
Hawk : firepower 4
Avenger : firepower 3
-------------------------
ROUND 4 DRAW BETWEEN AI PLAYER 1 AI PLAYER 2 AI PLAYER 3 
-------------------------

COMMUNAL DECK UPDATED
m50 Carrack Hawk Hawk Avenger ADDED TO COMMUNAL DECK
COMMUNAL DECK NO CONTAINS 5 CARDS:
m50 Carrack Hawk Hawk Avenger 
-------------------------
ALLOCATED DECKS

USER DECK
Carrack
Avenger
Hornet
350r

AI PLAYER 1's DECK
350r
Hurricane
Hawk
Merchantman

AI PLAYER 2's DECK
Orion
Hurricane
Avenger
Hurricane

AI PLAYER 3's DECK
Idris
350r
Orion
m50
Merchantman
Constellation
Sabre
Orion
Constellation
Carrack
Hornet
Idris
Vanguard
Vanguard

AI PLAYER 4's DECK
Idris
Vanguard
Hornet
Sabre
Merchantman
m50
Sabre
Constellation
Avenger

-------------------------
ROUND 5
-------------------------

CARDS IN PLAY
Carrack
350r
Orion
Idris
Idris

-------------------------

AI PLAYER 3 SELECTS firepower

Carrack : firepower 4
350r : firepower 3
Orion : firepower 2
Idris : firepower 10
Idris : firepower 10
-------------------------
ROUND 5 DRAW BETWEEN AI PLAYER 3 AI PLAYER 4 
-------------------------

COMMUNAL DECK UPDATED
Carrack 350r Orion Idris Idris ADDED TO COMMUNAL DECK
COMMUNAL DECK NO CONTAINS 10 CARDS:
m50 Carrack Hawk Hawk Avenger Carrack 350r Orion Idris Idris 
-------------------------
ALLOCATED DECKS

USER DECK
Avenger
Hornet
350r

AI PLAYER 1's DECK
Hurricane
Hawk
Merchantman

AI PLAYER 2's DECK
Hurricane
Avenger
Hurricane

AI PLAYER 3's DECK
350r
Orion
m50
Merchantman
Constellation
Sabre
Orion
Constellation
Carrack
Hornet
Idris
Vanguard
Vanguard

AI PLAYER 4's DECK
Vanguard
Hornet
Sabre
Merchantman
m50
Sabre
Constellation
Avenger

-------------------------
ROUND 6
-------------------------

CARDS IN PLAY
Avenger
Hurricane
Hurricane
350r
Vanguard

-------------------------

AI PLAYER 3 SELECTS speed

Avenger : speed 5
Hurricane : speed 5
Hurricane : speed 5
350r : speed 9
Vanguard : speed 4
-------------------------

COMMUNAL DECK UPDATED
COMMUNAL DECK NOW EMPTY
-------------------------

AI PLAYER 3 WINS ROUND 6
-------------------------
ALLOCATED DECKS

USER DECK
Hornet
350r

AI PLAYER 1's DECK
Hawk
Merchantman

AI PLAYER 2's DECK
Avenger
Hurricane

AI PLAYER 3's DECK
Orion
m50
Merchantman
Constellation
Sabre
Orion
Constellation
Carrack
Hornet
Idris
Vanguard
Vanguard
Vanguard
350r
Hurricane
Avenger
Hurricane
Carrack
350r
Hawk
Avenger
Idris
Carrack
m50
Idris
Hawk
Orion

AI PLAYER 4's DECK
Hornet
Sabre
Merchantman
m50
Sabre
Constellation
Avenger

-------------------------
ROUND 7
-------------------------

CARDS IN PLAY
Hornet
Hawk
Avenger
Orion
Hornet

-------------------------

AI PLAYER 3 SELECTS size

Hornet : size 2
Hawk : size 1
Avenger : size 2
Orion : size 10
Hornet : size 2
-------------------------

AI PLAYER 3 WINS ROUND 7
-------------------------
ALLOCATED DECKS

USER DECK
350r

AI PLAYER 1's DECK
Merchantman

AI PLAYER 2's DECK
Hurricane

AI PLAYER 3's DECK
m50
Merchantman
Constellation
Sabre
Orion
Constellation
Carrack
Hornet
Idris
Vanguard
Vanguard
Vanguard
350r
Hurricane
Avenger
Hurricane
Carrack
350r
Hawk
Avenger
Idris
Carrack
m50
Idris
Hawk
Orion
Avenger
Hornet
Hornet
Hawk
Orion

AI PLAYER 4's DECK
Sabre
Merchantman
m50
Sabre
Constellation
Avenger

-------------------------
ROUND 8
-------------------------

CARDS IN PLAY
350r
Merchantman
Hurricane
m50
Sabre

-------------------------

AI PLAYER 3 SELECTS speed

350r : speed 9
Merchantman : speed 3
Hurricane : speed 5
m50 : speed 10
Sabre : speed 7
-------------------------

AI PLAYER 3 WINS ROUND 8
-------------------------
ALLOCATED DECKS

USER DECK

AI PLAYER 1's DECK

AI PLAYER 2's DECK

AI PLAYER 3's DECK
Merchantman
Constellation
Sabre
Orion
Constellation
Carrack
Hornet
Idris
Vanguard
Vanguard
Vanguard
350r
Hurricane
Avenger
Hurricane
Carrack
350r
Hawk
Avenger
Idris
Carrack
m50
Idris
Hawk
Orion
Avenger
Hornet
Hornet
Hawk
Orion
Sabre
Merchantman
Hurricane
m50
350r

AI PLAYER 4's DECK
Merchantman
m50
Sabre
Constellation
Avenger

-------------------------

USER ELIMINATED
-------------------------

AI PLAYER 1 ELIMINATED
-------------------------

AI PLAYER 2 ELIMINATED
-------------------------
ROUND 9
-------------------------

CARDS IN PLAY
Merchantman
Merchantman

-------------------------

AI PLAYER 3 SELECTS cargo

Merchantman : cargo 8
Merchantman : cargo 8
-------------------------
ROUND 9 DRAW BETWEEN AI PLAYER 3 AI PLAYER 4 
-------------------------

COMMUNAL DECK UPDATED
Merchantman Merchantman ADDED TO COMMUNAL DECK
COMMUNAL DECK NO CONTAINS 2 CARDS:
Merchantman Merchantman 
-------------------------
ALLOCATED DECKS

USER DECK
Constellation
Sabre
Orion
Constellation
Carrack
Hornet
Idris
Vanguard
Vanguard
Vanguard
350r
Hurricane
Avenger
Hurricane
Carrack
350r
Hawk
Avenger
Idris
Carrack
m50
Idris
Hawk
Orion
Avenger
Hornet
Hornet
Hawk
Orion
Sabre
Merchantman
Hurricane
m50
350r

AI PLAYER 4's DECK
m50
Sabre
Constellation
Avenger

-------------------------
ROUND 10
-------------------------

CARDS IN PLAY
Constellation
m50

-------------------------

AI PLAYER 3 SELECTS range

Constellation : range 7
m50 : range 2
-------------------------

COMMUNAL DECK UPDATED
COMMUNAL DECK NOW EMPTY
-------------------------

AI PLAYER 3 WINS ROUND 10
-------------------------
ALLOCATED DECKS

USER DECK
Sabre
Orion
Constellation
Carrack
Hornet
Idris
Vanguard
Vanguard
Vanguard
350r
Hurricane
Avenger
Hurricane
Carrack
350r
Hawk
Avenger
Idris
Carrack
m50
Idris
Hawk
Orion
Avenger
Hornet
Hornet
Hawk
Orion
Sabre
Merchantman
Hurricane
m50
350r
Constellation
m50
Merchantman
Merchantman

AI PLAYER 4's DECK
Sabre
Constellation
Avenger

-------------------------
ROUND 11
-------------------------

CARDS IN PLAY
Sabre
Sabre

-------------------------

AI PLAYER 3 SELECTS speed

Sabre : speed 7
Sabre : speed 7
-------------------------
ROUND 11 DRAW BETWEEN AI PLAYER 3 AI PLAYER 4 
-------------------------

COMMUNAL DECK UPDATED
Sabre Sabre ADDED TO COMMUNAL DECK
COMMUNAL DECK NO CONTAINS 2 CARDS:
Sabre Sabre 
-------------------------
ALLOCATED DECKS

USER DECK
Orion
Constellation
Carrack
Hornet
Idris
Vanguard
Vanguard
Vanguard
350r
Hurricane
Avenger
Hurricane
Carrack
350r
Hawk
Avenger
Idris
Carrack
m50
Idris
Hawk
Orion
Avenger
Hornet
Hornet
Hawk
Orion
Sabre
Merchantman
Hurricane
m50
350r
Constellation
m50
Merchantman
Merchantman

AI PLAYER 4's DECK
Constellation
Avenger

-------------------------
ROUND 12
-------------------------

CARDS IN PLAY
Orion
Constellation

-------------------------

AI PLAYER 3 SELECTS size

Orion : size 10
Constellation : size 4
-------------------------

COMMUNAL DECK UPDATED
COMMUNAL DECK NOW EMPTY
-------------------------

AI PLAYER 3 WINS ROUND 12
-------------------------
ALLOCATED DECKS

USER DECK
Constellation
Carrack
Hornet
Idris
Vanguard
Vanguard
Vanguard
350r
Hurricane
Avenger
Hurricane
Carrack
350r
Hawk
Avenger
Idris
Carrack
m50
Idris
Hawk
Orion
Avenger
Hornet
Hornet
Hawk
Orion
Sabre
Merchantman
Hurricane
m50
350r
Constellation
m50
Merchantman
Merchantman
Constellation
Orion
Sabre
Sabre

AI PLAYER 4's DECK
Avenger

-------------------------
ROUND 13
-------------------------

CARDS IN PLAY
Constellation
Avenger

-------------------------

AI PLAYER 3 SELECTS range

Constellation : range 7
Avenger : range 4
-------------------------

AI PLAYER 3 WINS ROUND 13
-------------------------
ALLOCATED DECKS

USER DECK
Carrack
Hornet
Idris
Vanguard
Vanguard
Vanguard
350r
Hurricane
Avenger
Hurricane
Carrack
350r
Hawk
Avenger
Idris
Carrack
m50
Idris
Hawk
Orion
Avenger
Hornet
Hornet
Hawk
Orion
Sabre
Merchantman
Hurricane
m50
350r
Constellation
m50
Merchantman
Merchantman
Constellation
Orion
Sabre
Sabre
Constellation
Avenger

AI PLAYER 4's DECK

-------------------------

AI PLAYER 4 ELIMINATED
-------------------------

AI PLAYER 3 WINS GAME
-------------------------
