DECK CONTENTS
350r
Avenger
Carrack
Constellation
Hawk
Hornet
Hurricane
Idris
m50
Merchantman
Orion
Sabre
Vanguard
350r
Avenger
Carrack
Constellation
Hawk
Hornet
Hurricane
Idris
m50
Merchantman
Orion
Sabre
Vanguard
350r
Avenger
Carrack
Constellation
Hawk
Hornet
Hurricane
Idris
m50
Merchantman
Orion
Sabre
Vanguard
Avenger

-------------------------
SHUFFLED DECK
Vanguard
Idris
Constellation
Idris
Hawk
Vanguard
Hurricane
Carrack
Avenger
Constellation
m50
Sabre
Merchantman
Merchantman
350r
Avenger
Orion
Vanguard
Orion
Merchantman
Hurricane
Constellation
Hornet
Sabre
350r
Idris
Avenger
Hornet
Carrack
m50
Orion
Avenger
Sabre
Carrack
m50
Hornet
Hawk
Hawk
350r
Hurricane

-------------------------
ROUND 1
-------------------------

CARDS IN PLAY
Vanguard
Idris

-------------------------

USER SELECTS cargo

Vanguard : cargo 2
Idris : cargo 6
-------------------------

AI PLAYER 1 WINS ROUND 1
-------------------------
ALLOCATED DECKS

USER DECK
Constellation
Hawk
Hurricane
Avenger
m50
Merchantman
350r
Orion
Orion
Hurricane
Hornet
350r
Avenger
Carrack
Orion
Sabre
m50
Hawk
350r

AI PLAYER 1's DECK
Idris
Vanguard
Carrack
Constellation
Sabre
Merchantman
Avenger
Vanguard
Merchantman
Constellation
Sabre
Idris
Hornet
m50
Avenger
Carrack
Hornet
Hawk
Hurricane
Idris
Vanguard

-------------------------
ROUND 2
-------------------------

CARDS IN PLAY
Constellation
Idris

-------------------------

AI PLAYER 1 SELECTS firepower

Constellation : firepower 3
Idris : firepower 10
-------------------------

AI PLAYER 1 WINS ROUND 2
-------------------------
ALLOCATED DECKS

USER DECK
Hawk
Hurricane
Avenger
m50
Merchantman
350r
Orion
Orion
Hurricane
Hornet
350r
Avenger
Carrack
Orion
Sabre
m50
Hawk
350r

AI PLAYER 1's DECK
Vanguard
Carrack
Constellation
Sabre
Merchantman
Avenger
Vanguard
Merchantman
Constellation
Sabre
Idris
Hornet
m50
Avenger
Carrack
Hornet
Hawk
Hurricane
Idris
Vanguard
Idris
Constellation

-------------------------
ROUND 3
-------------------------

CARDS IN PLAY
Hawk
Vanguard

-------------------------

AI PLAYER 1 SELECTS range

Hawk : range 2
Vanguard : range 5
-------------------------

AI PLAYER 1 WINS ROUND 3
-------------------------
ALLOCATED DECKS

USER DECK
Hurricane
Avenger
m50
Merchantman
350r
Orion
Orion
Hurricane
Hornet
350r
Avenger
Carrack
Orion
Sabre
m50
Hawk
350r

AI PLAYER 1's DECK
Carrack
Constellation
Sabre
Merchantman
Avenger
Vanguard
Merchantman
Constellation
Sabre
Idris
Hornet
m50
Avenger
Carrack
Hornet
Hawk
Hurricane
Idris
Vanguard
Idris
Constellation
Vanguard
Hawk

-------------------------
ROUND 4
-------------------------

CARDS IN PLAY
Hurricane
Carrack

-------------------------

AI PLAYER 1 SELECTS range

Hurricane : range 3
Carrack : range 10
-------------------------

AI PLAYER 1 WINS ROUND 4
-------------------------
ALLOCATED DECKS

USER DECK
Avenger
m50
Merchantman
350r
Orion
Orion
Hurricane
Hornet
350r
Avenger
Carrack
Orion
Sabre
m50
Hawk
350r

AI PLAYER 1's DECK
Constellation
Sabre
Merchantman
Avenger
Vanguard
Merchantman
Constellation
Sabre
Idris
Hornet
m50
Avenger
Carrack
Hornet
Hawk
Hurricane
Idris
Vanguard
Idris
Constellation
Vanguard
Hawk
Carrack
Hurricane

-------------------------
ROUND 5
-------------------------

CARDS IN PLAY
Avenger
Constellation

-------------------------

AI PLAYER 1 SELECTS range

Avenger : range 4
Constellation : range 7
-------------------------

AI PLAYER 1 WINS ROUND 5
-------------------------
ALLOCATED DECKS

USER DECK
m50
Merchantman
350r
Orion
Orion
Hurricane
Hornet
350r
Avenger
Carrack
Orion
Sabre
m50
Hawk
350r

AI PLAYER 1's DECK
Sabre
Merchantman
Avenger
Vanguard
Merchantman
Constellation
Sabre
Idris
Hornet
m50
Avenger
Carrack
Hornet
Hawk
Hurricane
Idris
Vanguard
Idris
Constellation
Vanguard
Hawk
Carrack
Hurricane
Avenger
Constellation

-------------------------
ROUND 6
-------------------------

CARDS IN PLAY
m50
Sabre

-------------------------

AI PLAYER 1 SELECTS speed

m50 : speed 10
Sabre : speed 7
-------------------------

USER WINS ROUND 6
-------------------------
ALLOCATED DECKS

USER DECK
Merchantman
350r
Orion
Orion
Hurricane
Hornet
350r
Avenger
Carrack
Orion
Sabre
m50
Hawk
350r
m50
Sabre

AI PLAYER 1's DECK
Merchantman
Avenger
Vanguard
Merchantman
Constellation
Sabre
Idris
Hornet
m50
Avenger
Carrack
Hornet
Hawk
Hurricane
Idris
Vanguard
Idris
Constellation
Vanguard
Hawk
Carrack
Hurricane
Avenger
Constellation

-------------------------
ROUND 7
-------------------------

CARDS IN PLAY
Merchantman
Merchantman

-------------------------

USER SELECTS cargo

Merchantman : cargo 8
Merchantman : cargo 8
-------------------------
ROUND 7 DRAW BETWEEN USER AI PLAYER 1 
-------------------------

COMMUNAL DECK UPDATED
Merchantman Merchantman ADDED TO COMMUNAL DECK
COMMUNAL DECK NO CONTAINS 2 CARDS:
Merchantman Merchantman 
-------------------------
ALLOCATED DECKS

USER DECK
350r
Orion
Orion
Hurricane
Hornet
350r
Avenger
Carrack
Orion
Sabre
m50
Hawk
350r
m50
Sabre

AI PLAYER 1's DECK
Avenger
Vanguard
Merchantman
Constellation
Sabre
Idris
Hornet
m50
Avenger
Carrack
Hornet
Hawk
Hurricane
Idris
Vanguard
Idris
Constellation
Vanguard
Hawk
Carrack
Hurricane
Avenger
Constellation

-------------------------
ROUND 8
-------------------------

CARDS IN PLAY
350r
Avenger

-------------------------

USER SELECTS cargo

350r : cargo 0
Avenger : cargo 2
-------------------------

COMMUNAL DECK UPDATED
COMMUNAL DECK NOW EMPTY
-------------------------

AI PLAYER 1 WINS ROUND 8
-------------------------
ALLOCATED DECKS

USER DECK
Orion
Orion
Hurricane
Hornet
350r
Avenger
Carrack
Orion
Sabre
m50
Hawk
350r
m50
Sabre

AI PLAYER 1's DECK
Vanguard
Merchantman
Constellation
Sabre
Idris
Hornet
m50
Avenger
Carrack
Hornet
Hawk
Hurricane
Idris
Vanguard
Idris
Constellation
Vanguard
Hawk
Carrack
Hurricane
Avenger
Constellation
350r
Avenger
Merchantman
Merchantman

-------------------------
ROUND 9
-------------------------

CARDS IN PLAY
Orion
Vanguard

-------------------------

AI PLAYER 1 SELECTS range

Orion : range 6
Vanguard : range 5
-------------------------

USER WINS ROUND 9
-------------------------
ALLOCATED DECKS

USER DECK
Orion
Hurricane
Hornet
350r
Avenger
Carrack
Orion
Sabre
m50
Hawk
350r
m50
Sabre
Vanguard
Orion

AI PLAYER 1's DECK
Merchantman
Constellation
Sabre
Idris
Hornet
m50
Avenger
Carrack
Hornet
Hawk
Hurricane
Idris
Vanguard
Idris
Constellation
Vanguard
Hawk
Carrack
Hurricane
Avenger
Constellation
350r
Avenger
Merchantman
Merchantman

-------------------------
ROUND 10
-------------------------

CARDS IN PLAY
Orion
Merchantman

-------------------------

USER SELECTS cargo

Orion : cargo 9
Merchantman : cargo 8
-------------------------

USER WINS ROUND 10
-------------------------
ALLOCATED DECKS

USER DECK
Hurricane
Hornet
350r
Avenger
Carrack
Orion
Sabre
m50
Hawk
350r
m50
Sabre
Vanguard
Orion
Orion
Merchantman

AI PLAYER 1's DECK
Constellation
Sabre
Idris
Hornet
m50
Avenger
Carrack
Hornet
Hawk
Hurricane
Idris
Vanguard
Idris
Constellation
Vanguard
Hawk
Carrack
Hurricane
Avenger
Constellation
350r
Avenger
Merchantman
Merchantman

-------------------------
ROUND 11
-------------------------

CARDS IN PLAY
Hurricane
Constellation

-------------------------

USER SELECTS cargo

Hurricane : cargo 0
Constellation : cargo 4
-------------------------

AI PLAYER 1 WINS ROUND 11
-------------------------
ALLOCATED DECKS

USER DECK
Hornet
350r
Avenger
Carrack
Orion
Sabre
m50
Hawk
350r
m50
Sabre
Vanguard
Orion
Orion
Merchantman

AI PLAYER 1's DECK
Sabre
Idris
Hornet
m50
Avenger
Carrack
Hornet
Hawk
Hurricane
Idris
Vanguard
Idris
Constellation
Vanguard
Hawk
Carrack
Hurricane
Avenger
Constellation
350r
Avenger
Merchantman
Merchantman
Hurricane
Constellation

-------------------------
ROUND 12
-------------------------

CARDS IN PLAY
Hornet
Sabre

-------------------------

AI PLAYER 1 SELECTS speed

Hornet : speed 5
Sabre : speed 7
-------------------------

AI PLAYER 1 WINS ROUND 12
-------------------------
ALLOCATED DECKS

USER DECK
350r
Avenger
Carrack
Orion
Sabre
m50
Hawk
350r
m50
Sabre
Vanguard
Orion
Orion
Merchantman

AI PLAYER 1's DECK
Idris
Hornet
m50
Avenger
Carrack
Hornet
Hawk
Hurricane
Idris
Vanguard
Idris
Constellation
Vanguard
Hawk
Carrack
Hurricane
Avenger
Constellation
350r
Avenger
Merchantman
Merchantman
Hurricane
Constellation
Sabre
Hornet

-------------------------
ROUND 13
-------------------------

CARDS IN PLAY
350r
Idris

-------------------------

AI PLAYER 1 SELECTS firepower

350r : firepower 3
Idris : firepower 10
-------------------------

AI PLAYER 1 WINS ROUND 13
-------------------------
ALLOCATED DECKS

USER DECK
Avenger
Carrack
Orion
Sabre
m50
Hawk
350r
m50
Sabre
Vanguard
Orion
Orion
Merchantman

AI PLAYER 1's DECK
Hornet
m50
Avenger
Carrack
Hornet
Hawk
Hurricane
Idris
Vanguard
Idris
Constellation
Vanguard
Hawk
Carrack
Hurricane
Avenger
Constellation
350r
Avenger
Merchantman
Merchantman
Hurricane
Constellation
Sabre
Hornet
350r
Idris

-------------------------
ROUND 14
-------------------------

CARDS IN PLAY
Avenger
Hornet

-------------------------

AI PLAYER 1 SELECTS speed

Avenger : speed 5
Hornet : speed 5
-------------------------
ROUND 14 DRAW BETWEEN USER AI PLAYER 1 
-------------------------

COMMUNAL DECK UPDATED
Avenger Hornet ADDED TO COMMUNAL DECK
COMMUNAL DECK NO CONTAINS 2 CARDS:
Avenger Hornet 
-------------------------
ALLOCATED DECKS

USER DECK
Carrack
Orion
Sabre
m50
Hawk
350r
m50
Sabre
Vanguard
Orion
Orion
Merchantman

AI PLAYER 1's DECK
m50
Avenger
Carrack
Hornet
Hawk
Hurricane
Idris
Vanguard
Idris
Constellation
Vanguard
Hawk
Carrack
Hurricane
Avenger
Constellation
350r
Avenger
Merchantman
Merchantman
Hurricane
Constellation
Sabre
Hornet
350r
Idris

-------------------------
ROUND 15
-------------------------

CARDS IN PLAY
Carrack
m50

-------------------------

AI PLAYER 1 SELECTS speed

Carrack : speed 2
m50 : speed 10
-------------------------

COMMUNAL DECK UPDATED
COMMUNAL DECK NOW EMPTY
-------------------------

AI PLAYER 1 WINS ROUND 15
-------------------------
ALLOCATED DECKS

USER DECK
Orion
Sabre
m50
Hawk
350r
m50
Sabre
Vanguard
Orion
Orion
Merchantman

AI PLAYER 1's DECK
Avenger
Carrack
Hornet
Hawk
Hurricane
Idris
Vanguard
Idris
Constellation
Vanguard
Hawk
Carrack
Hurricane
Avenger
Constellation
350r
Avenger
Merchantman
Merchantman
Hurricane
Constellation
Sabre
Hornet
350r
Idris
Carrack
m50
Hornet
Avenger

-------------------------
ROUND 16
-------------------------

CARDS IN PLAY
Orion
Avenger

-------------------------

AI PLAYER 1 SELECTS speed

Orion : speed 1
Avenger : speed 5
-------------------------

AI PLAYER 1 WINS ROUND 16
-------------------------
ALLOCATED DECKS

USER DECK
Sabre
m50
Hawk
350r
m50
Sabre
Vanguard
Orion
Orion
Merchantman

AI PLAYER 1's DECK
Carrack
Hornet
Hawk
Hurricane
Idris
Vanguard
Idris
Constellation
Vanguard
Hawk
Carrack
Hurricane
Avenger
Constellation
350r
Avenger
Merchantman
Merchantman
Hurricane
Constellation
Sabre
Hornet
350r
Idris
Carrack
m50
Hornet
Avenger
Avenger
Orion

-------------------------
ROUND 17
-------------------------

CARDS IN PLAY
Sabre
Carrack

-------------------------

AI PLAYER 1 SELECTS range

Sabre : range 2
Carrack : range 10
-------------------------

AI PLAYER 1 WINS ROUND 17
-------------------------
ALLOCATED DECKS

USER DECK
m50
Hawk
350r
m50
Sabre
Vanguard
Orion
Orion
Merchantman

AI PLAYER 1's DECK
Hornet
Hawk
Hurricane
Idris
Vanguard
Idris
Constellation
Vanguard
Hawk
Carrack
Hurricane
Avenger
Constellation
350r
Avenger
Merchantman
Merchantman
Hurricane
Constellation
Sabre
Hornet
350r
Idris
Carrack
m50
Hornet
Avenger
Avenger
Orion
Sabre
Carrack

-------------------------
ROUND 18
-------------------------

CARDS IN PLAY
m50
Hornet

-------------------------

AI PLAYER 1 SELECTS speed

m50 : speed 10
Hornet : speed 5
-------------------------

USER WINS ROUND 18
-------------------------
ALLOCATED DECKS

USER DECK
Hawk
350r
m50
Sabre
Vanguard
Orion
Orion
Merchantman
m50
Hornet

AI PLAYER 1's DECK
Hawk
Hurricane
Idris
Vanguard
Idris
Constellation
Vanguard
Hawk
Carrack
Hurricane
Avenger
Constellation
350r
Avenger
Merchantman
Merchantman
Hurricane
Constellation
Sabre
Hornet
350r
Idris
Carrack
m50
Hornet
Avenger
Avenger
Orion
Sabre
Carrack

-------------------------
ROUND 19
-------------------------

CARDS IN PLAY
Hawk
Hawk

-------------------------

USER SELECTS cargo

Hawk : cargo 0
Hawk : cargo 0
-------------------------
ROUND 19 DRAW BETWEEN USER AI PLAYER 1 
-------------------------

COMMUNAL DECK UPDATED
Hawk Hawk ADDED TO COMMUNAL DECK
COMMUNAL DECK NO CONTAINS 2 CARDS:
Hawk Hawk 
-------------------------
ALLOCATED DECKS

USER DECK
350r
m50
Sabre
Vanguard
Orion
Orion
Merchantman
m50
Hornet

AI PLAYER 1's DECK
Hurricane
Idris
Vanguard
Idris
Constellation
Vanguard
Hawk
Carrack
Hurricane
Avenger
Constellation
350r
Avenger
Merchantman
Merchantman
Hurricane
Constellation
Sabre
Hornet
350r
Idris
Carrack
m50
Hornet
Avenger
Avenger
Orion
Sabre
Carrack

-------------------------
ROUND 20
-------------------------

CARDS IN PLAY
350r
Hurricane

-------------------------

USER SELECTS cargo

350r : cargo 0
Hurricane : cargo 0
-------------------------
ROUND 20 DRAW BETWEEN USER AI PLAYER 1 
-------------------------

COMMUNAL DECK UPDATED
350r Hurricane ADDED TO COMMUNAL DECK
COMMUNAL DECK NO CONTAINS 4 CARDS:
Hawk Hawk 350r Hurricane 
-------------------------
ALLOCATED DECKS

USER DECK
m50
Sabre
Vanguard
Orion
Orion
Merchantman
m50
Hornet

AI PLAYER 1's DECK
Idris
Vanguard
Idris
Constellation
Vanguard
Hawk
Carrack
Hurricane
Avenger
Constellation
350r
Avenger
Merchantman
Merchantman
Hurricane
Constellation
Sabre
Hornet
350r
Idris
Carrack
m50
Hornet
Avenger
Avenger
Orion
Sabre
Carrack

-------------------------
ROUND 21
-------------------------

CARDS IN PLAY
m50
Idris

-------------------------

USER SELECTS cargo

m50 : cargo 0
Idris : cargo 6
-------------------------

COMMUNAL DECK UPDATED
COMMUNAL DECK NOW EMPTY
-------------------------

AI PLAYER 1 WINS ROUND 21
-------------------------
ALLOCATED DECKS

USER DECK
Sabre
Vanguard
Orion
Orion
Merchantman
m50
Hornet

AI PLAYER 1's DECK
Vanguard
Idris
Constellation
Vanguard
Hawk
Carrack
Hurricane
Avenger
Constellation
350r
Avenger
Merchantman
Merchantman
Hurricane
Constellation
Sabre
Hornet
350r
Idris
Carrack
m50
Hornet
Avenger
Avenger
Orion
Sabre
Carrack
m50
Idris
Hawk
350r
Hurricane
Hawk

-------------------------
ROUND 22
-------------------------

CARDS IN PLAY
Sabre
Vanguard

-------------------------

AI PLAYER 1 SELECTS range

Sabre : range 2
Vanguard : range 5
-------------------------

AI PLAYER 1 WINS ROUND 22
-------------------------
ALLOCATED DECKS

USER DECK
Vanguard
Orion
Orion
Merchantman
m50
Hornet

AI PLAYER 1's DECK
Idris
Constellation
Vanguard
Hawk
Carrack
Hurricane
Avenger
Constellation
350r
Avenger
Merchantman
Merchantman
Hurricane
Constellation
Sabre
Hornet
350r
Idris
Carrack
m50
Hornet
Avenger
Avenger
Orion
Sabre
Carrack
m50
Idris
Hawk
350r
Hurricane
Hawk
Sabre
Vanguard

-------------------------
ROUND 23
-------------------------

CARDS IN PLAY
Vanguard
Idris

-------------------------

AI PLAYER 1 SELECTS firepower

Vanguard : firepower 5
Idris : firepower 10
-------------------------

AI PLAYER 1 WINS ROUND 23
-------------------------
ALLOCATED DECKS

USER DECK
Orion
Orion
Merchantman
m50
Hornet

AI PLAYER 1's DECK
Constellation
Vanguard
Hawk
Carrack
Hurricane
Avenger
Constellation
350r
Avenger
Merchantman
Merchantman
Hurricane
Constellation
Sabre
Hornet
350r
Idris
Carrack
m50
Hornet
Avenger
Avenger
Orion
Sabre
Carrack
m50
Idris
Hawk
350r
Hurricane
Hawk
Sabre
Vanguard
Vanguard
Idris

-------------------------
ROUND 24
-------------------------

CARDS IN PLAY
Orion
Constellation

-------------------------

AI PLAYER 1 SELECTS range

Orion : range 6
Constellation : range 7
-------------------------

AI PLAYER 1 WINS ROUND 24
-------------------------
ALLOCATED DECKS

USER DECK
Orion
Merchantman
m50
Hornet

AI PLAYER 1's DECK
Vanguard
Hawk
Carrack
Hurricane
Avenger
Constellation
350r
Avenger
Merchantman
Merchantman
Hurricane
Constellation
Sabre
Hornet
350r
Idris
Carrack
m50
Hornet
Avenger
Avenger
Orion
Sabre
Carrack
m50
Idris
Hawk
350r
Hurricane
Hawk
Sabre
Vanguard
Vanguard
Idris
Orion
Constellation

-------------------------
ROUND 25
-------------------------

CARDS IN PLAY
Orion
Vanguard

-------------------------

AI PLAYER 1 SELECTS range

Orion : range 6
Vanguard : range 5
-------------------------

USER WINS ROUND 25
-------------------------
ALLOCATED DECKS

USER DECK
Merchantman
m50
Hornet
Vanguard
Orion

AI PLAYER 1's DECK
Hawk
Carrack
Hurricane
Avenger
Constellation
350r
Avenger
Merchantman
Merchantman
Hurricane
Constellation
Sabre
Hornet
350r
Idris
Carrack
m50
Hornet
Avenger
Avenger
Orion
Sabre
Carrack
m50
Idris
Hawk
350r
Hurricane
Hawk
Sabre
Vanguard
Vanguard
Idris
Orion
Constellation

-------------------------
ROUND 26
-------------------------

CARDS IN PLAY
Merchantman
Hawk

-------------------------

USER SELECTS cargo

Merchantman : cargo 8
Hawk : cargo 0
-------------------------

USER WINS ROUND 26
-------------------------
ALLOCATED DECKS

USER DECK
m50
Hornet
Vanguard
Orion
Hawk
Merchantman

AI PLAYER 1's DECK
Carrack
Hurricane
Avenger
Constellation
350r
Avenger
Merchantman
Merchantman
Hurricane
Constellation
Sabre
Hornet
350r
Idris
Carrack
m50
Hornet
Avenger
Avenger
Orion
Sabre
Carrack
m50
Idris
Hawk
350r
Hurricane
Hawk
Sabre
Vanguard
Vanguard
Idris
Orion
Constellation

-------------------------
ROUND 27
-------------------------

CARDS IN PLAY
m50
Carrack

-------------------------

USER SELECTS cargo

m50 : cargo 0
Carrack : cargo 6
-------------------------

AI PLAYER 1 WINS ROUND 27
-------------------------
ALLOCATED DECKS

USER DECK
Hornet
Vanguard
Orion
Hawk
Merchantman

AI PLAYER 1's DECK
Hurricane
Avenger
Constellation
350r
Avenger
Merchantman
Merchantman
Hurricane
Constellation
Sabre
Hornet
350r
Idris
Carrack
m50
Hornet
Avenger
Avenger
Orion
Sabre
Carrack
m50
Idris
Hawk
350r
Hurricane
Hawk
Sabre
Vanguard
Vanguard
Idris
Orion
Constellation
Carrack
m50

-------------------------
ROUND 28
-------------------------

CARDS IN PLAY
Hornet
Hurricane

-------------------------

AI PLAYER 1 SELECTS speed

Hornet : speed 5
Hurricane : speed 5
-------------------------
ROUND 28 DRAW BETWEEN USER AI PLAYER 1 
-------------------------

COMMUNAL DECK UPDATED
Hornet Hurricane ADDED TO COMMUNAL DECK
COMMUNAL DECK NO CONTAINS 2 CARDS:
Hornet Hurricane 
-------------------------
ALLOCATED DECKS

USER DECK
Vanguard
Orion
Hawk
Merchantman

AI PLAYER 1's DECK
Avenger
Constellation
350r
Avenger
Merchantman
Merchantman
Hurricane
Constellation
Sabre
Hornet
350r
Idris
Carrack
m50
Hornet
Avenger
Avenger
Orion
Sabre
Carrack
m50
Idris
Hawk
350r
Hurricane
Hawk
Sabre
Vanguard
Vanguard
Idris
Orion
Constellation
Carrack
m50

-------------------------
ROUND 29
-------------------------

CARDS IN PLAY
Vanguard
Avenger

-------------------------

AI PLAYER 1 SELECTS speed

Vanguard : speed 4
Avenger : speed 5
-------------------------

COMMUNAL DECK UPDATED
COMMUNAL DECK NOW EMPTY
-------------------------

AI PLAYER 1 WINS ROUND 29
-------------------------
ALLOCATED DECKS

USER DECK
Orion
Hawk
Merchantman

AI PLAYER 1's DECK
Constellation
350r
Avenger
Merchantman
Merchantman
Hurricane
Constellation
Sabre
Hornet
350r
Idris
Carrack
m50
Hornet
Avenger
Avenger
Orion
Sabre
Carrack
m50
Idris
Hawk
350r
Hurricane
Hawk
Sabre
Vanguard
Vanguard
Idris
Orion
Constellation
Carrack
m50
Vanguard
Avenger
Hurricane
Hornet

-------------------------
ROUND 30
-------------------------

CARDS IN PLAY
Orion
Constellation

-------------------------

AI PLAYER 1 SELECTS range

Orion : range 6
Constellation : range 7
-------------------------

AI PLAYER 1 WINS ROUND 30
-------------------------
ALLOCATED DECKS

USER DECK
Hawk
Merchantman

AI PLAYER 1's DECK
350r
Avenger
Merchantman
Merchantman
Hurricane
Constellation
Sabre
Hornet
350r
Idris
Carrack
m50
Hornet
Avenger
Avenger
Orion
Sabre
Carrack
m50
Idris
Hawk
350r
Hurricane
Hawk
Sabre
Vanguard
Vanguard
Idris
Orion
Constellation
Carrack
m50
Vanguard
Avenger
Hurricane
Hornet
Constellation
Orion

-------------------------
ROUND 31
-------------------------

CARDS IN PLAY
Hawk
350r

-------------------------

AI PLAYER 1 SELECTS speed

Hawk : speed 3
350r : speed 9
-------------------------

AI PLAYER 1 WINS ROUND 31
-------------------------
ALLOCATED DECKS

USER DECK
Merchantman

AI PLAYER 1's DECK
Avenger
Merchantman
Merchantman
Hurricane
Constellation
Sabre
Hornet
350r
Idris
Carrack
m50
Hornet
Avenger
Avenger
Orion
Sabre
Carrack
m50
Idris
Hawk
350r
Hurricane
Hawk
Sabre
Vanguard
Vanguard
Idris
Orion
Constellation
Carrack
m50
Vanguard
Avenger
Hurricane
Hornet
Constellation
Orion
350r
Hawk

-------------------------
ROUND 32
-------------------------

CARDS IN PLAY
Merchantman
Avenger

-------------------------

AI PLAYER 1 SELECTS speed

Merchantman : speed 3
Avenger : speed 5
-------------------------

AI PLAYER 1 WINS ROUND 32
-------------------------
ALLOCATED DECKS

USER DECK

AI PLAYER 1's DECK
Merchantman
Merchantman
Hurricane
Constellation
Sabre
Hornet
350r
Idris
Carrack
m50
Hornet
Avenger
Avenger
Orion
Sabre
Carrack
m50
Idris
Hawk
350r
Hurricane
Hawk
Sabre
Vanguard
Vanguard
Idris
Orion
Constellation
Carrack
m50
Vanguard
Avenger
Hurricane
Hornet
Constellation
Orion
350r
Hawk
Merchantman
Avenger

-------------------------
