DECK CONTENTS
350r
Avenger
Carrack
Constellation
Hawk
Hornet
Hurricane
Idris
m50
Merchantman
Orion
Sabre
Vanguard
350r
Avenger
Carrack
Constellation
Hawk
Hornet
Hurricane
Idris
m50
Merchantman
Orion
Sabre
Vanguard
350r
Avenger
Carrack
Constellation
Hawk
Hornet
Hurricane
Idris
m50
Merchantman
Orion
Sabre
Vanguard
Avenger

-------------------------
SHUFFLED DECK
Vanguard
Hawk
m50
Sabre
Constellation
Hurricane
Orion
Merchantman
350r
Carrack
Hurricane
Idris
Idris
Merchantman
350r
Merchantman
Orion
Carrack
Avenger
Hornet
Hornet
Constellation
Avenger
Constellation
Hawk
m50
Vanguard
Carrack
Hornet
350r
Hawk
Orion
Sabre
Idris
Vanguard
Hurricane
Sabre
Avenger
Avenger
m50

-------------------------
ROUND 1
-------------------------

CARDS IN PLAY
Vanguard
Hawk
m50
Sabre
Constellation

-------------------------

AI PLAYER 2 SELECTS speed

Vanguard : speed 4
Hawk : speed 3
m50 : speed 10
Sabre : speed 7
Constellation : speed 5
-------------------------

AI PLAYER 2 WINS ROUND 1
-------------------------
ALLOCATED DECKS

USER DECK
Hurricane
Hurricane
Merchantman
Hornet
m50
Hawk
Hurricane

AI PLAYER 1's DECK
Orion
Idris
Orion
Constellation
Vanguard
Orion
Sabre

AI PLAYER 2's DECK
Merchantman
Idris
Carrack
Avenger
Carrack
Sabre
Avenger
Sabre
m50
Vanguard
Hawk
Constellation

AI PLAYER 3's DECK
350r
Merchantman
Avenger
Constellation
Hornet
Idris
Avenger

AI PLAYER 4's DECK
Carrack
350r
Hornet
Hawk
350r
Vanguard
m50

-------------------------
ROUND 2
-------------------------

CARDS IN PLAY
Hurricane
Orion
Merchantman
350r
Carrack

-------------------------

AI PLAYER 2 SELECTS cargo

Hurricane : cargo 0
Orion : cargo 9
Merchantman : cargo 8
350r : cargo 0
Carrack : cargo 6
-------------------------

AI PLAYER 1 WINS ROUND 2
-------------------------
ALLOCATED DECKS

USER DECK
Hurricane
Merchantman
Hornet
m50
Hawk
Hurricane

AI PLAYER 1's DECK
Idris
Orion
Constellation
Vanguard
Orion
Sabre
Carrack
350r
Orion
Merchantman
Hurricane

AI PLAYER 2's DECK
Idris
Carrack
Avenger
Carrack
Sabre
Avenger
Sabre
m50
Vanguard
Hawk
Constellation

AI PLAYER 3's DECK
Merchantman
Avenger
Constellation
Hornet
Idris
Avenger

AI PLAYER 4's DECK
350r
Hornet
Hawk
350r
Vanguard
m50

-------------------------
ROUND 3
-------------------------

CARDS IN PLAY
Hurricane
Idris
Idris
Merchantman
350r

-------------------------

AI PLAYER 1 SELECTS firepower

Hurricane : firepower 5
Idris : firepower 10
Idris : firepower 10
Merchantman : firepower 6
350r : firepower 3
-------------------------
ROUND 3 DRAW BETWEEN AI PLAYER 1 AI PLAYER 2 
-------------------------

COMMUNAL DECK UPDATED
Hurricane Idris Idris Merchantman 350r ADDED TO COMMUNAL DECK
COMMUNAL DECK NO CONTAINS 5 CARDS:
Hurricane Idris Idris Merchantman 350r 
-------------------------
ALLOCATED DECKS

USER DECK
Merchantman
Hornet
m50
Hawk
Hurricane

AI PLAYER 1's DECK
Orion
Constellation
Vanguard
Orion
Sabre
Carrack
350r
Orion
Merchantman
Hurricane

AI PLAYER 2's DECK
Carrack
Avenger
Carrack
Sabre
Avenger
Sabre
m50
Vanguard
Hawk
Constellation

AI PLAYER 3's DECK
Avenger
Constellation
Hornet
Idris
Avenger

AI PLAYER 4's DECK
Hornet
Hawk
350r
Vanguard
m50

-------------------------
ROUND 4
-------------------------

CARDS IN PLAY
Merchantman
Orion
Carrack
Avenger
Hornet

-------------------------

AI PLAYER 1 SELECTS size

Merchantman : size 7
Orion : size 10
Carrack : size 6
Avenger : size 2
Hornet : size 2
-------------------------

COMMUNAL DECK UPDATED
COMMUNAL DECK NOW EMPTY
-------------------------

AI PLAYER 1 WINS ROUND 4
-------------------------
ALLOCATED DECKS

USER DECK
Hornet
m50
Hawk
Hurricane

AI PLAYER 1's DECK
Constellation
Vanguard
Orion
Sabre
Carrack
350r
Orion
Merchantman
Hurricane
Hornet
Carrack
Avenger
Merchantman
Orion
Idris
Hurricane
350r
Idris
Merchantman

AI PLAYER 2's DECK
Avenger
Carrack
Sabre
Avenger
Sabre
m50
Vanguard
Hawk
Constellation

AI PLAYER 3's DECK
Constellation
Hornet
Idris
Avenger

AI PLAYER 4's DECK
Hawk
350r
Vanguard
m50

-------------------------
ROUND 5
-------------------------

CARDS IN PLAY
Hornet
Constellation
Avenger
Constellation
Hawk

-------------------------

AI PLAYER 1 SELECTS range

Hornet : range 3
Constellation : range 7
Avenger : range 4
Constellation : range 7
Hawk : range 2
-------------------------
ROUND 5 DRAW BETWEEN AI PLAYER 1 AI PLAYER 3 
-------------------------

COMMUNAL DECK UPDATED
Hornet Constellation Avenger Constellation Hawk ADDED TO COMMUNAL DECK
COMMUNAL DECK NO CONTAINS 5 CARDS:
Hornet Constellation Avenger Constellation Hawk 
-------------------------
ALLOCATED DECKS

USER DECK
m50
Hawk
Hurricane

AI PLAYER 1's DECK
Vanguard
Orion
Sabre
Carrack
350r
Orion
Merchantman
Hurricane
Hornet
Carrack
Avenger
Merchantman
Orion
Idris
Hurricane
350r
Idris
Merchantman

AI PLAYER 2's DECK
Carrack
Sabre
Avenger
Sabre
m50
Vanguard
Hawk
Constellation

AI PLAYER 3's DECK
Hornet
Idris
Avenger

AI PLAYER 4's DECK
350r
Vanguard
m50

-------------------------
ROUND 6
-------------------------

CARDS IN PLAY
m50
Vanguard
Carrack
Hornet
350r

-------------------------

AI PLAYER 1 SELECTS range

m50 : range 2
Vanguard : range 5
Carrack : range 10
Hornet : range 3
350r : range 2
-------------------------

COMMUNAL DECK UPDATED
COMMUNAL DECK NOW EMPTY
-------------------------

AI PLAYER 2 WINS ROUND 6
-------------------------
ALLOCATED DECKS

USER DECK
Hawk
Hurricane

AI PLAYER 1's DECK
Orion
Sabre
Carrack
350r
Orion
Merchantman
Hurricane
Hornet
Carrack
Avenger
Merchantman
Orion
Idris
Hurricane
350r
Idris
Merchantman

AI PLAYER 2's DECK
Sabre
Avenger
Sabre
m50
Vanguard
Hawk
Constellation
Carrack
m50
Hornet
Vanguard
350r
Avenger
Constellation
Constellation
Hawk
Hornet

AI PLAYER 3's DECK
Idris
Avenger

AI PLAYER 4's DECK
Vanguard
m50

-------------------------
ROUND 7
-------------------------

CARDS IN PLAY
Hawk
Orion
Sabre
Idris
Vanguard

-------------------------

AI PLAYER 2 SELECTS speed

Hawk : speed 3
Orion : speed 1
Sabre : speed 7
Idris : speed 2
Vanguard : speed 4
-------------------------

AI PLAYER 2 WINS ROUND 7
-------------------------
ALLOCATED DECKS

USER DECK
Hurricane

AI PLAYER 1's DECK
Sabre
Carrack
350r
Orion
Merchantman
Hurricane
Hornet
Carrack
Avenger
Merchantman
Orion
Idris
Hurricane
350r
Idris
Merchantman

AI PLAYER 2's DECK
Avenger
Sabre
m50
Vanguard
Hawk
Constellation
Carrack
m50
Hornet
Vanguard
350r
Avenger
Constellation
Constellation
Hawk
Hornet
Idris
Hawk
Orion
Sabre
Vanguard

AI PLAYER 3's DECK
Avenger

AI PLAYER 4's DECK
m50

-------------------------
ROUND 8
-------------------------

CARDS IN PLAY
Hurricane
Sabre
Avenger
Avenger
m50

-------------------------

AI PLAYER 2 SELECTS speed

Hurricane : speed 5
Sabre : speed 7
Avenger : speed 5
Avenger : speed 5
m50 : speed 10
-------------------------

AI PLAYER 4 WINS ROUND 8
-------------------------
ALLOCATED DECKS

USER DECK

AI PLAYER 1's DECK
Carrack
350r
Orion
Merchantman
Hurricane
Hornet
Carrack
Avenger
Merchantman
Orion
Idris
Hurricane
350r
Idris
Merchantman

AI PLAYER 2's DECK
Sabre
m50
Vanguard
Hawk
Constellation
Carrack
m50
Hornet
Vanguard
350r
Avenger
Constellation
Constellation
Hawk
Hornet
Idris
Hawk
Orion
Sabre
Vanguard

AI PLAYER 3's DECK

AI PLAYER 4's DECK
Sabre
m50
Avenger
Hurricane
Avenger

-------------------------

USER ELIMINATED
-------------------------

AI PLAYER 3 ELIMINATED
-------------------------
ROUND 9
-------------------------

CARDS IN PLAY
Carrack
Sabre
Sabre

-------------------------

AI PLAYER 4 SELECTS speed

Carrack : speed 2
Sabre : speed 7
Sabre : speed 7
-------------------------
ROUND 9 DRAW BETWEEN AI PLAYER 2 AI PLAYER 4 
-------------------------

COMMUNAL DECK UPDATED
Carrack Sabre Sabre ADDED TO COMMUNAL DECK
COMMUNAL DECK NO CONTAINS 3 CARDS:
Carrack Sabre Sabre 
-------------------------
ALLOCATED DECKS

USER DECK
350r
Orion
Merchantman
Hurricane
Hornet
Carrack
Avenger
Merchantman
Orion
Idris
Hurricane
350r
Idris
Merchantman

AI PLAYER 2's DECK
m50
Vanguard
Hawk
Constellation
Carrack
m50
Hornet
Vanguard
350r
Avenger
Constellation
Constellation
Hawk
Hornet
Idris
Hawk
Orion
Sabre
Vanguard

AI PLAYER 4's DECK
m50
Avenger
Hurricane
Avenger

-------------------------
ROUND 10
-------------------------

CARDS IN PLAY
350r
m50
m50

-------------------------

AI PLAYER 4 SELECTS speed

350r : speed 9
m50 : speed 10
m50 : speed 10
-------------------------
ROUND 10 DRAW BETWEEN AI PLAYER 2 AI PLAYER 4 
-------------------------

COMMUNAL DECK UPDATED
350r m50 m50 ADDED TO COMMUNAL DECK
COMMUNAL DECK NO CONTAINS 6 CARDS:
Carrack Sabre Sabre 350r m50 m50 
-------------------------
ALLOCATED DECKS

USER DECK
Orion
Merchantman
Hurricane
Hornet
Carrack
Avenger
Merchantman
Orion
Idris
Hurricane
350r
Idris
Merchantman

AI PLAYER 2's DECK
Vanguard
Hawk
Constellation
Carrack
m50
Hornet
Vanguard
350r
Avenger
Constellation
Constellation
Hawk
Hornet
Idris
Hawk
Orion
Sabre
Vanguard

AI PLAYER 4's DECK
Avenger
Hurricane
Avenger

-------------------------
ROUND 11
-------------------------

CARDS IN PLAY
Orion
Vanguard
Avenger

-------------------------

AI PLAYER 4 SELECTS speed

Orion : speed 1
Vanguard : speed 4
Avenger : speed 5
-------------------------

COMMUNAL DECK UPDATED
COMMUNAL DECK NOW EMPTY
-------------------------

AI PLAYER 4 WINS ROUND 11
-------------------------
ALLOCATED DECKS

USER DECK
Merchantman
Hurricane
Hornet
Carrack
Avenger
Merchantman
Orion
Idris
Hurricane
350r
Idris
Merchantman

AI PLAYER 2's DECK
Hawk
Constellation
Carrack
m50
Hornet
Vanguard
350r
Avenger
Constellation
Constellation
Hawk
Hornet
Idris
Hawk
Orion
Sabre
Vanguard

AI PLAYER 4's DECK
Hurricane
Avenger
Vanguard
Orion
Avenger
Carrack
350r
m50
Sabre
m50
Sabre

-------------------------
ROUND 12
-------------------------

CARDS IN PLAY
Merchantman
Hawk
Hurricane

-------------------------

AI PLAYER 4 SELECTS speed

Merchantman : speed 3
Hawk : speed 3
Hurricane : speed 5
-------------------------

AI PLAYER 4 WINS ROUND 12
-------------------------
ALLOCATED DECKS

USER DECK
Hurricane
Hornet
Carrack
Avenger
Merchantman
Orion
Idris
Hurricane
350r
Idris
Merchantman

AI PLAYER 2's DECK
Constellation
Carrack
m50
Hornet
Vanguard
350r
Avenger
Constellation
Constellation
Hawk
Hornet
Idris
Hawk
Orion
Sabre
Vanguard

AI PLAYER 4's DECK
Avenger
Vanguard
Orion
Avenger
Carrack
350r
m50
Sabre
m50
Sabre
Hurricane
Hawk
Merchantman

-------------------------
ROUND 13
-------------------------

CARDS IN PLAY
Hurricane
Constellation
Avenger

-------------------------

AI PLAYER 4 SELECTS speed

Hurricane : speed 5
Constellation : speed 5
Avenger : speed 5
-------------------------
ROUND 13 DRAW BETWEEN AI PLAYER 1 AI PLAYER 2 AI PLAYER 4 
-------------------------

COMMUNAL DECK UPDATED
Hurricane Constellation Avenger ADDED TO COMMUNAL DECK
COMMUNAL DECK NO CONTAINS 3 CARDS:
Hurricane Constellation Avenger 
-------------------------
ALLOCATED DECKS

USER DECK
Hornet
Carrack
Avenger
Merchantman
Orion
Idris
Hurricane
350r
Idris
Merchantman

AI PLAYER 2's DECK
Carrack
m50
Hornet
Vanguard
350r
Avenger
Constellation
Constellation
Hawk
Hornet
Idris
Hawk
Orion
Sabre
Vanguard

AI PLAYER 4's DECK
Vanguard
Orion
Avenger
Carrack
350r
m50
Sabre
m50
Sabre
Hurricane
Hawk
Merchantman

-------------------------
ROUND 14
-------------------------

CARDS IN PLAY
Hornet
Carrack
Vanguard

-------------------------

AI PLAYER 4 SELECTS range

Hornet : range 3
Carrack : range 10
Vanguard : range 5
-------------------------

COMMUNAL DECK UPDATED
COMMUNAL DECK NOW EMPTY
-------------------------

AI PLAYER 2 WINS ROUND 14
-------------------------
ALLOCATED DECKS

USER DECK
Carrack
Avenger
Merchantman
Orion
Idris
Hurricane
350r
Idris
Merchantman

AI PLAYER 2's DECK
m50
Hornet
Vanguard
350r
Avenger
Constellation
Constellation
Hawk
Hornet
Idris
Hawk
Orion
Sabre
Vanguard
Vanguard
Carrack
Hornet
Hurricane
Constellation
Avenger

AI PLAYER 4's DECK
Orion
Avenger
Carrack
350r
m50
Sabre
m50
Sabre
Hurricane
Hawk
Merchantman

-------------------------
ROUND 15
-------------------------

CARDS IN PLAY
Carrack
m50
Orion

-------------------------

AI PLAYER 2 SELECTS speed

Carrack : speed 2
m50 : speed 10
Orion : speed 1
-------------------------

AI PLAYER 2 WINS ROUND 15
-------------------------
ALLOCATED DECKS

USER DECK
Avenger
Merchantman
Orion
Idris
Hurricane
350r
Idris
Merchantman

AI PLAYER 2's DECK
Hornet
Vanguard
350r
Avenger
Constellation
Constellation
Hawk
Hornet
Idris
Hawk
Orion
Sabre
Vanguard
Vanguard
Carrack
Hornet
Hurricane
Constellation
Avenger
m50
Carrack
Orion

AI PLAYER 4's DECK
Avenger
Carrack
350r
m50
Sabre
m50
Sabre
Hurricane
Hawk
Merchantman

-------------------------
ROUND 16
-------------------------

CARDS IN PLAY
Avenger
Hornet
Avenger

-------------------------

AI PLAYER 2 SELECTS speed

Avenger : speed 5
Hornet : speed 5
Avenger : speed 5
-------------------------
ROUND 16 DRAW BETWEEN AI PLAYER 1 AI PLAYER 2 AI PLAYER 4 
-------------------------

COMMUNAL DECK UPDATED
Avenger Hornet Avenger ADDED TO COMMUNAL DECK
COMMUNAL DECK NO CONTAINS 3 CARDS:
Avenger Hornet Avenger 
-------------------------
ALLOCATED DECKS

USER DECK
Merchantman
Orion
Idris
Hurricane
350r
Idris
Merchantman

AI PLAYER 2's DECK
Vanguard
350r
Avenger
Constellation
Constellation
Hawk
Hornet
Idris
Hawk
Orion
Sabre
Vanguard
Vanguard
Carrack
Hornet
Hurricane
Constellation
Avenger
m50
Carrack
Orion

AI PLAYER 4's DECK
Carrack
350r
m50
Sabre
m50
Sabre
Hurricane
Hawk
Merchantman

-------------------------
ROUND 17
-------------------------

CARDS IN PLAY
Merchantman
Vanguard
Carrack

-------------------------

AI PLAYER 2 SELECTS range

Merchantman : range 5
Vanguard : range 5
Carrack : range 10
-------------------------

COMMUNAL DECK UPDATED
COMMUNAL DECK NOW EMPTY
-------------------------

AI PLAYER 4 WINS ROUND 17
-------------------------
ALLOCATED DECKS

USER DECK
Orion
Idris
Hurricane
350r
Idris
Merchantman

AI PLAYER 2's DECK
350r
Avenger
Constellation
Constellation
Hawk
Hornet
Idris
Hawk
Orion
Sabre
Vanguard
Vanguard
Carrack
Hornet
Hurricane
Constellation
Avenger
m50
Carrack
Orion

AI PLAYER 4's DECK
350r
m50
Sabre
m50
Sabre
Hurricane
Hawk
Merchantman
Vanguard
Carrack
Merchantman
Avenger
Hornet
Avenger

-------------------------
ROUND 18
-------------------------

CARDS IN PLAY
Orion
350r
350r

-------------------------

AI PLAYER 4 SELECTS speed

Orion : speed 1
350r : speed 9
350r : speed 9
-------------------------
ROUND 18 DRAW BETWEEN AI PLAYER 2 AI PLAYER 4 
-------------------------

COMMUNAL DECK UPDATED
Orion 350r 350r ADDED TO COMMUNAL DECK
COMMUNAL DECK NO CONTAINS 3 CARDS:
Orion 350r 350r 
-------------------------
ALLOCATED DECKS

USER DECK
Idris
Hurricane
350r
Idris
Merchantman

AI PLAYER 2's DECK
Avenger
Constellation
Constellation
Hawk
Hornet
Idris
Hawk
Orion
Sabre
Vanguard
Vanguard
Carrack
Hornet
Hurricane
Constellation
Avenger
m50
Carrack
Orion

AI PLAYER 4's DECK
m50
Sabre
m50
Sabre
Hurricane
Hawk
Merchantman
Vanguard
Carrack
Merchantman
Avenger
Hornet
Avenger

-------------------------
ROUND 19
-------------------------

CARDS IN PLAY
Idris
Avenger
m50

-------------------------

AI PLAYER 4 SELECTS speed

Idris : speed 2
Avenger : speed 5
m50 : speed 10
-------------------------

COMMUNAL DECK UPDATED
COMMUNAL DECK NOW EMPTY
-------------------------

AI PLAYER 4 WINS ROUND 19
-------------------------
ALLOCATED DECKS

USER DECK
Hurricane
350r
Idris
Merchantman

AI PLAYER 2's DECK
Constellation
Constellation
Hawk
Hornet
Idris
Hawk
Orion
Sabre
Vanguard
Vanguard
Carrack
Hornet
Hurricane
Constellation
Avenger
m50
Carrack
Orion

AI PLAYER 4's DECK
Sabre
m50
Sabre
Hurricane
Hawk
Merchantman
Vanguard
Carrack
Merchantman
Avenger
Hornet
Avenger
m50
Idris
Avenger
Orion
350r
350r

-------------------------
ROUND 20
-------------------------

CARDS IN PLAY
Hurricane
Constellation
Sabre

-------------------------

AI PLAYER 4 SELECTS speed

Hurricane : speed 5
Constellation : speed 5
Sabre : speed 7
-------------------------

AI PLAYER 4 WINS ROUND 20
-------------------------
ALLOCATED DECKS

USER DECK
350r
Idris
Merchantman

AI PLAYER 2's DECK
Constellation
Hawk
Hornet
Idris
Hawk
Orion
Sabre
Vanguard
Vanguard
Carrack
Hornet
Hurricane
Constellation
Avenger
m50
Carrack
Orion

AI PLAYER 4's DECK
m50
Sabre
Hurricane
Hawk
Merchantman
Vanguard
Carrack
Merchantman
Avenger
Hornet
Avenger
m50
Idris
Avenger
Orion
350r
350r
Sabre
Constellation
Hurricane

-------------------------
ROUND 21
-------------------------

CARDS IN PLAY
350r
Constellation
m50

-------------------------

AI PLAYER 4 SELECTS speed

350r : speed 9
Constellation : speed 5
m50 : speed 10
-------------------------

AI PLAYER 4 WINS ROUND 21
-------------------------
ALLOCATED DECKS

USER DECK
Idris
Merchantman

AI PLAYER 2's DECK
Hawk
Hornet
Idris
Hawk
Orion
Sabre
Vanguard
Vanguard
Carrack
Hornet
Hurricane
Constellation
Avenger
m50
Carrack
Orion

AI PLAYER 4's DECK
Sabre
Hurricane
Hawk
Merchantman
Vanguard
Carrack
Merchantman
Avenger
Hornet
Avenger
m50
Idris
Avenger
Orion
350r
350r
Sabre
Constellation
Hurricane
m50
Constellation
350r

-------------------------
ROUND 22
-------------------------

CARDS IN PLAY
Idris
Hawk
Sabre

-------------------------

AI PLAYER 4 SELECTS speed

Idris : speed 2
Hawk : speed 3
Sabre : speed 7
-------------------------

AI PLAYER 4 WINS ROUND 22
-------------------------
ALLOCATED DECKS

USER DECK
Merchantman

AI PLAYER 2's DECK
Hornet
Idris
Hawk
Orion
Sabre
Vanguard
Vanguard
Carrack
Hornet
Hurricane
Constellation
Avenger
m50
Carrack
Orion

AI PLAYER 4's DECK
Hurricane
Hawk
Merchantman
Vanguard
Carrack
Merchantman
Avenger
Hornet
Avenger
m50
Idris
Avenger
Orion
350r
350r
Sabre
Constellation
Hurricane
m50
Constellation
350r
Idris
Hawk
Sabre

-------------------------
ROUND 23
-------------------------

CARDS IN PLAY
Merchantman
Hornet
Hurricane

-------------------------

AI PLAYER 4 SELECTS speed

Merchantman : speed 3
Hornet : speed 5
Hurricane : speed 5
-------------------------
ROUND 23 DRAW BETWEEN AI PLAYER 2 AI PLAYER 4 
-------------------------

COMMUNAL DECK UPDATED
Merchantman Hornet Hurricane ADDED TO COMMUNAL DECK
COMMUNAL DECK NO CONTAINS 3 CARDS:
Merchantman Hornet Hurricane 
-------------------------
ALLOCATED DECKS

USER DECK

AI PLAYER 2's DECK
Idris
Hawk
Orion
Sabre
Vanguard
Vanguard
Carrack
Hornet
Hurricane
Constellation
Avenger
m50
Carrack
Orion

AI PLAYER 4's DECK
Hawk
Merchantman
Vanguard
Carrack
Merchantman
Avenger
Hornet
Avenger
m50
Idris
Avenger
Orion
350r
350r
Sabre
Constellation
Hurricane
m50
Constellation
350r
Idris
Hawk
Sabre

-------------------------

AI PLAYER 1 ELIMINATED
-------------------------
ROUND 24
-------------------------

CARDS IN PLAY
Idris
Hawk

-------------------------

AI PLAYER 4 SELECTS firepower

Idris : firepower 10
Hawk : firepower 4
-------------------------

COMMUNAL DECK UPDATED
COMMUNAL DECK NOW EMPTY
-------------------------

AI PLAYER 2 WINS ROUND 24
-------------------------
ALLOCATED DECKS

USER DECK
Hawk
Orion
Sabre
Vanguard
Vanguard
Carrack
Hornet
Hurricane
Constellation
Avenger
m50
Carrack
Orion
Hawk
Idris
Merchantman
Hurricane
Hornet

AI PLAYER 4's DECK
Merchantman
Vanguard
Carrack
Merchantman
Avenger
Hornet
Avenger
m50
Idris
Avenger
Orion
350r
350r
Sabre
Constellation
Hurricane
m50
Constellation
350r
Idris
Hawk
Sabre

-------------------------
ROUND 25
-------------------------

CARDS IN PLAY
Hawk
Merchantman

-------------------------

AI PLAYER 2 SELECTS firepower

Hawk : firepower 4
Merchantman : firepower 6
-------------------------

AI PLAYER 4 WINS ROUND 25
-------------------------
ALLOCATED DECKS

USER DECK
Orion
Sabre
Vanguard
Vanguard
Carrack
Hornet
Hurricane
Constellation
Avenger
m50
Carrack
Orion
Hawk
Idris
Merchantman
Hurricane
Hornet

AI PLAYER 4's DECK
Vanguard
Carrack
Merchantman
Avenger
Hornet
Avenger
m50
Idris
Avenger
Orion
350r
350r
Sabre
Constellation
Hurricane
m50
Constellation
350r
Idris
Hawk
Sabre
Merchantman
Hawk

-------------------------
ROUND 26
-------------------------

CARDS IN PLAY
Orion
Vanguard

-------------------------

AI PLAYER 4 SELECTS range

Orion : range 6
Vanguard : range 5
-------------------------

AI PLAYER 2 WINS ROUND 26
-------------------------
ALLOCATED DECKS

USER DECK
Sabre
Vanguard
Vanguard
Carrack
Hornet
Hurricane
Constellation
Avenger
m50
Carrack
Orion
Hawk
Idris
Merchantman
Hurricane
Hornet
Vanguard
Orion

AI PLAYER 4's DECK
Carrack
Merchantman
Avenger
Hornet
Avenger
m50
Idris
Avenger
Orion
350r
350r
Sabre
Constellation
Hurricane
m50
Constellation
350r
Idris
Hawk
Sabre
Merchantman
Hawk

-------------------------
ROUND 27
-------------------------

CARDS IN PLAY
Sabre
Carrack

-------------------------

AI PLAYER 2 SELECTS speed

Sabre : speed 7
Carrack : speed 2
-------------------------

AI PLAYER 2 WINS ROUND 27
-------------------------
ALLOCATED DECKS

USER DECK
Vanguard
Vanguard
Carrack
Hornet
Hurricane
Constellation
Avenger
m50
Carrack
Orion
Hawk
Idris
Merchantman
Hurricane
Hornet
Vanguard
Orion
Carrack
Sabre

AI PLAYER 4's DECK
Merchantman
Avenger
Hornet
Avenger
m50
Idris
Avenger
Orion
350r
350r
Sabre
Constellation
Hurricane
m50
Constellation
350r
Idris
Hawk
Sabre
Merchantman
Hawk

-------------------------
ROUND 28
-------------------------

CARDS IN PLAY
Vanguard
Merchantman

-------------------------

AI PLAYER 2 SELECTS range

Vanguard : range 5
Merchantman : range 5
-------------------------
ROUND 28 DRAW BETWEEN AI PLAYER 2 AI PLAYER 4 
-------------------------

COMMUNAL DECK UPDATED
Vanguard Merchantman ADDED TO COMMUNAL DECK
COMMUNAL DECK NO CONTAINS 2 CARDS:
Vanguard Merchantman 
-------------------------
ALLOCATED DECKS

USER DECK
Vanguard
Carrack
Hornet
Hurricane
Constellation
Avenger
m50
Carrack
Orion
Hawk
Idris
Merchantman
Hurricane
Hornet
Vanguard
Orion
Carrack
Sabre

AI PLAYER 4's DECK
Avenger
Hornet
Avenger
m50
Idris
Avenger
Orion
350r
350r
Sabre
Constellation
Hurricane
m50
Constellation
350r
Idris
Hawk
Sabre
Merchantman
Hawk

-------------------------
ROUND 29
-------------------------

CARDS IN PLAY
Vanguard
Avenger

-------------------------

AI PLAYER 2 SELECTS range

Vanguard : range 5
Avenger : range 4
-------------------------

COMMUNAL DECK UPDATED
COMMUNAL DECK NOW EMPTY
-------------------------

AI PLAYER 2 WINS ROUND 29
-------------------------
ALLOCATED DECKS

USER DECK
Carrack
Hornet
Hurricane
Constellation
Avenger
m50
Carrack
Orion
Hawk
Idris
Merchantman
Hurricane
Hornet
Vanguard
Orion
Carrack
Sabre
Avenger
Vanguard
Merchantman
Vanguard

AI PLAYER 4's DECK
Hornet
Avenger
m50
Idris
Avenger
Orion
350r
350r
Sabre
Constellation
Hurricane
m50
Constellation
350r
Idris
Hawk
Sabre
Merchantman
Hawk

-------------------------
ROUND 30
-------------------------

CARDS IN PLAY
Carrack
Hornet

-------------------------

AI PLAYER 2 SELECTS range

Carrack : range 10
Hornet : range 3
-------------------------

AI PLAYER 2 WINS ROUND 30
-------------------------
ALLOCATED DECKS

USER DECK
Hornet
Hurricane
Constellation
Avenger
m50
Carrack
Orion
Hawk
Idris
Merchantman
Hurricane
Hornet
Vanguard
Orion
Carrack
Sabre
Avenger
Vanguard
Merchantman
Vanguard
Hornet
Carrack

AI PLAYER 4's DECK
Avenger
m50
Idris
Avenger
Orion
350r
350r
Sabre
Constellation
Hurricane
m50
Constellation
350r
Idris
Hawk
Sabre
Merchantman
Hawk

-------------------------
ROUND 31
-------------------------

CARDS IN PLAY
Hornet
Avenger

-------------------------

AI PLAYER 2 SELECTS speed

Hornet : speed 5
Avenger : speed 5
-------------------------
ROUND 31 DRAW BETWEEN AI PLAYER 2 AI PLAYER 4 
-------------------------

COMMUNAL DECK UPDATED
Hornet Avenger ADDED TO COMMUNAL DECK
COMMUNAL DECK NO CONTAINS 2 CARDS:
Hornet Avenger 
-------------------------
ALLOCATED DECKS

USER DECK
Hurricane
Constellation
Avenger
m50
Carrack
Orion
Hawk
Idris
Merchantman
Hurricane
Hornet
Vanguard
Orion
Carrack
Sabre
Avenger
Vanguard
Merchantman
Vanguard
Hornet
Carrack

AI PLAYER 4's DECK
m50
Idris
Avenger
Orion
350r
350r
Sabre
Constellation
Hurricane
m50
Constellation
350r
Idris
Hawk
Sabre
Merchantman
Hawk

-------------------------
ROUND 32
-------------------------

CARDS IN PLAY
Hurricane
m50

-------------------------

AI PLAYER 2 SELECTS speed

Hurricane : speed 5
m50 : speed 10
-------------------------

COMMUNAL DECK UPDATED
COMMUNAL DECK NOW EMPTY
-------------------------

AI PLAYER 4 WINS ROUND 32
-------------------------
ALLOCATED DECKS

USER DECK
Constellation
Avenger
m50
Carrack
Orion
Hawk
Idris
Merchantman
Hurricane
Hornet
Vanguard
Orion
Carrack
Sabre
Avenger
Vanguard
Merchantman
Vanguard
Hornet
Carrack

AI PLAYER 4's DECK
Idris
Avenger
Orion
350r
350r
Sabre
Constellation
Hurricane
m50
Constellation
350r
Idris
Hawk
Sabre
Merchantman
Hawk
m50
Hurricane
Avenger
Hornet

-------------------------
ROUND 33
-------------------------

CARDS IN PLAY
Constellation
Idris

-------------------------

AI PLAYER 4 SELECTS firepower

Constellation : firepower 3
Idris : firepower 10
-------------------------

AI PLAYER 4 WINS ROUND 33
-------------------------
ALLOCATED DECKS

USER DECK
Avenger
m50
Carrack
Orion
Hawk
Idris
Merchantman
Hurricane
Hornet
Vanguard
Orion
Carrack
Sabre
Avenger
Vanguard
Merchantman
Vanguard
Hornet
Carrack

AI PLAYER 4's DECK
Avenger
Orion
350r
350r
Sabre
Constellation
Hurricane
m50
Constellation
350r
Idris
Hawk
Sabre
Merchantman
Hawk
m50
Hurricane
Avenger
Hornet
Constellation
Idris

-------------------------
ROUND 34
-------------------------

CARDS IN PLAY
Avenger
Avenger

-------------------------

AI PLAYER 4 SELECTS speed

Avenger : speed 5
Avenger : speed 5
-------------------------
ROUND 34 DRAW BETWEEN AI PLAYER 2 AI PLAYER 4 
-------------------------

COMMUNAL DECK UPDATED
Avenger Avenger ADDED TO COMMUNAL DECK
COMMUNAL DECK NO CONTAINS 2 CARDS:
Avenger Avenger 
-------------------------
ALLOCATED DECKS

USER DECK
m50
Carrack
Orion
Hawk
Idris
Merchantman
Hurricane
Hornet
Vanguard
Orion
Carrack
Sabre
Avenger
Vanguard
Merchantman
Vanguard
Hornet
Carrack

AI PLAYER 4's DECK
Orion
350r
350r
Sabre
Constellation
Hurricane
m50
Constellation
350r
Idris
Hawk
Sabre
Merchantman
Hawk
m50
Hurricane
Avenger
Hornet
Constellation
Idris

-------------------------
ROUND 35
-------------------------

CARDS IN PLAY
m50
Orion

-------------------------

AI PLAYER 4 SELECTS size

m50 : size 1
Orion : size 10
-------------------------

COMMUNAL DECK UPDATED
COMMUNAL DECK NOW EMPTY
-------------------------

AI PLAYER 4 WINS ROUND 35
-------------------------
ALLOCATED DECKS

USER DECK
Carrack
Orion
Hawk
Idris
Merchantman
Hurricane
Hornet
Vanguard
Orion
Carrack
Sabre
Avenger
Vanguard
Merchantman
Vanguard
Hornet
Carrack

AI PLAYER 4's DECK
350r
350r
Sabre
Constellation
Hurricane
m50
Constellation
350r
Idris
Hawk
Sabre
Merchantman
Hawk
m50
Hurricane
Avenger
Hornet
Constellation
Idris
Orion
m50
Avenger
Avenger

-------------------------
ROUND 36
-------------------------

CARDS IN PLAY
Carrack
350r

-------------------------

AI PLAYER 4 SELECTS speed

Carrack : speed 2
350r : speed 9
-------------------------

AI PLAYER 4 WINS ROUND 36
-------------------------
ALLOCATED DECKS

USER DECK
Orion
Hawk
Idris
Merchantman
Hurricane
Hornet
Vanguard
Orion
Carrack
Sabre
Avenger
Vanguard
Merchantman
Vanguard
Hornet
Carrack

AI PLAYER 4's DECK
350r
Sabre
Constellation
Hurricane
m50
Constellation
350r
Idris
Hawk
Sabre
Merchantman
Hawk
m50
Hurricane
Avenger
Hornet
Constellation
Idris
Orion
m50
Avenger
Avenger
Carrack
350r

-------------------------
ROUND 37
-------------------------

CARDS IN PLAY
Orion
350r

-------------------------

AI PLAYER 4 SELECTS speed

Orion : speed 1
350r : speed 9
-------------------------

AI PLAYER 4 WINS ROUND 37
-------------------------
ALLOCATED DECKS

USER DECK
Hawk
Idris
Merchantman
Hurricane
Hornet
Vanguard
Orion
Carrack
Sabre
Avenger
Vanguard
Merchantman
Vanguard
Hornet
Carrack

AI PLAYER 4's DECK
Sabre
Constellation
Hurricane
m50
Constellation
350r
Idris
Hawk
Sabre
Merchantman
Hawk
m50
Hurricane
Avenger
Hornet
Constellation
Idris
Orion
m50
Avenger
Avenger
Carrack
350r
Orion
350r

-------------------------
ROUND 38
-------------------------

CARDS IN PLAY
Hawk
Sabre

-------------------------

AI PLAYER 4 SELECTS speed

Hawk : speed 3
Sabre : speed 7
-------------------------

AI PLAYER 4 WINS ROUND 38
-------------------------
ALLOCATED DECKS

USER DECK
Idris
Merchantman
Hurricane
Hornet
Vanguard
Orion
Carrack
Sabre
Avenger
Vanguard
Merchantman
Vanguard
Hornet
Carrack

AI PLAYER 4's DECK
Constellation
Hurricane
m50
Constellation
350r
Idris
Hawk
Sabre
Merchantman
Hawk
m50
Hurricane
Avenger
Hornet
Constellation
Idris
Orion
m50
Avenger
Avenger
Carrack
350r
Orion
350r
Sabre
Hawk

-------------------------
ROUND 39
-------------------------

CARDS IN PLAY
Idris
Constellation

-------------------------

AI PLAYER 4 SELECTS range

Idris : range 7
Constellation : range 7
-------------------------
ROUND 39 DRAW BETWEEN AI PLAYER 2 AI PLAYER 4 
-------------------------

COMMUNAL DECK UPDATED
Idris Constellation ADDED TO COMMUNAL DECK
COMMUNAL DECK NO CONTAINS 2 CARDS:
Idris Constellation 
-------------------------
ALLOCATED DECKS

USER DECK
Merchantman
Hurricane
Hornet
Vanguard
Orion
Carrack
Sabre
Avenger
Vanguard
Merchantman
Vanguard
Hornet
Carrack

AI PLAYER 4's DECK
Hurricane
m50
Constellation
350r
Idris
Hawk
Sabre
Merchantman
Hawk
m50
Hurricane
Avenger
Hornet
Constellation
Idris
Orion
m50
Avenger
Avenger
Carrack
350r
Orion
350r
Sabre
Hawk

-------------------------
ROUND 40
-------------------------

CARDS IN PLAY
Merchantman
Hurricane

-------------------------

AI PLAYER 4 SELECTS speed

Merchantman : speed 3
Hurricane : speed 5
-------------------------

COMMUNAL DECK UPDATED
COMMUNAL DECK NOW EMPTY
-------------------------

AI PLAYER 4 WINS ROUND 40
-------------------------
ALLOCATED DECKS

USER DECK
Hurricane
Hornet
Vanguard
Orion
Carrack
Sabre
Avenger
Vanguard
Merchantman
Vanguard
Hornet
Carrack

AI PLAYER 4's DECK
m50
Constellation
350r
Idris
Hawk
Sabre
Merchantman
Hawk
m50
Hurricane
Avenger
Hornet
Constellation
Idris
Orion
m50
Avenger
Avenger
Carrack
350r
Orion
350r
Sabre
Hawk
Merchantman
Hurricane
Constellation
Idris

-------------------------
ROUND 41
-------------------------

CARDS IN PLAY
Hurricane
m50

-------------------------

AI PLAYER 4 SELECTS speed

Hurricane : speed 5
m50 : speed 10
-------------------------

AI PLAYER 4 WINS ROUND 41
-------------------------
ALLOCATED DECKS

USER DECK
Hornet
Vanguard
Orion
Carrack
Sabre
Avenger
Vanguard
Merchantman
Vanguard
Hornet
Carrack

AI PLAYER 4's DECK
Constellation
350r
Idris
Hawk
Sabre
Merchantman
Hawk
m50
Hurricane
Avenger
Hornet
Constellation
Idris
Orion
m50
Avenger
Avenger
Carrack
350r
Orion
350r
Sabre
Hawk
Merchantman
Hurricane
Constellation
Idris
Hurricane
m50

-------------------------
ROUND 42
-------------------------

CARDS IN PLAY
Hornet
Constellation

-------------------------

AI PLAYER 4 SELECTS range

Hornet : range 3
Constellation : range 7
-------------------------

AI PLAYER 4 WINS ROUND 42
-------------------------
ALLOCATED DECKS

USER DECK
Vanguard
Orion
Carrack
Sabre
Avenger
Vanguard
Merchantman
Vanguard
Hornet
Carrack

AI PLAYER 4's DECK
350r
Idris
Hawk
Sabre
Merchantman
Hawk
m50
Hurricane
Avenger
Hornet
Constellation
Idris
Orion
m50
Avenger
Avenger
Carrack
350r
Orion
350r
Sabre
Hawk
Merchantman
Hurricane
Constellation
Idris
Hurricane
m50
Constellation
Hornet

-------------------------
ROUND 43
-------------------------

CARDS IN PLAY
Vanguard
350r

-------------------------

AI PLAYER 4 SELECTS speed

Vanguard : speed 4
350r : speed 9
-------------------------

AI PLAYER 4 WINS ROUND 43
-------------------------
ALLOCATED DECKS

USER DECK
Orion
Carrack
Sabre
Avenger
Vanguard
Merchantman
Vanguard
Hornet
Carrack

AI PLAYER 4's DECK
Idris
Hawk
Sabre
Merchantman
Hawk
m50
Hurricane
Avenger
Hornet
Constellation
Idris
Orion
m50
Avenger
Avenger
Carrack
350r
Orion
350r
Sabre
Hawk
Merchantman
Hurricane
Constellation
Idris
Hurricane
m50
Constellation
Hornet
Vanguard
350r

-------------------------
ROUND 44
-------------------------

CARDS IN PLAY
Orion
Idris

-------------------------

AI PLAYER 4 SELECTS firepower

Orion : firepower 2
Idris : firepower 10
-------------------------

AI PLAYER 4 WINS ROUND 44
-------------------------
ALLOCATED DECKS

USER DECK
Carrack
Sabre
Avenger
Vanguard
Merchantman
Vanguard
Hornet
Carrack

AI PLAYER 4's DECK
Hawk
Sabre
Merchantman
Hawk
m50
Hurricane
Avenger
Hornet
Constellation
Idris
Orion
m50
Avenger
Avenger
Carrack
350r
Orion
350r
Sabre
Hawk
Merchantman
Hurricane
Constellation
Idris
Hurricane
m50
Constellation
Hornet
Vanguard
350r
Idris
Orion

-------------------------
ROUND 45
-------------------------

CARDS IN PLAY
Carrack
Hawk

-------------------------

AI PLAYER 4 SELECTS firepower

Carrack : firepower 4
Hawk : firepower 4
-------------------------
ROUND 45 DRAW BETWEEN AI PLAYER 2 AI PLAYER 4 
-------------------------

COMMUNAL DECK UPDATED
Carrack Hawk ADDED TO COMMUNAL DECK
COMMUNAL DECK NO CONTAINS 2 CARDS:
Carrack Hawk 
-------------------------
ALLOCATED DECKS

USER DECK
Sabre
Avenger
Vanguard
Merchantman
Vanguard
Hornet
Carrack

AI PLAYER 4's DECK
Sabre
Merchantman
Hawk
m50
Hurricane
Avenger
Hornet
Constellation
Idris
Orion
m50
Avenger
Avenger
Carrack
350r
Orion
350r
Sabre
Hawk
Merchantman
Hurricane
Constellation
Idris
Hurricane
m50
Constellation
Hornet
Vanguard
350r
Idris
Orion

-------------------------
ROUND 46
-------------------------

CARDS IN PLAY
Sabre
Sabre

-------------------------

AI PLAYER 4 SELECTS speed

Sabre : speed 7
Sabre : speed 7
-------------------------
ROUND 46 DRAW BETWEEN AI PLAYER 2 AI PLAYER 4 
-------------------------

COMMUNAL DECK UPDATED
Sabre Sabre ADDED TO COMMUNAL DECK
COMMUNAL DECK NO CONTAINS 4 CARDS:
Carrack Hawk Sabre Sabre 
-------------------------
ALLOCATED DECKS

USER DECK
Avenger
Vanguard
Merchantman
Vanguard
Hornet
Carrack

AI PLAYER 4's DECK
Merchantman
Hawk
m50
Hurricane
Avenger
Hornet
Constellation
Idris
Orion
m50
Avenger
Avenger
Carrack
350r
Orion
350r
Sabre
Hawk
Merchantman
Hurricane
Constellation
Idris
Hurricane
m50
Constellation
Hornet
Vanguard
350r
Idris
Orion

-------------------------
ROUND 47
-------------------------

CARDS IN PLAY
Avenger
Merchantman

-------------------------

AI PLAYER 4 SELECTS cargo

Avenger : cargo 2
Merchantman : cargo 8
-------------------------

COMMUNAL DECK UPDATED
COMMUNAL DECK NOW EMPTY
-------------------------

AI PLAYER 4 WINS ROUND 47
-------------------------
ALLOCATED DECKS

USER DECK
Vanguard
Merchantman
Vanguard
Hornet
Carrack

AI PLAYER 4's DECK
Hawk
m50
Hurricane
Avenger
Hornet
Constellation
Idris
Orion
m50
Avenger
Avenger
Carrack
350r
Orion
350r
Sabre
Hawk
Merchantman
Hurricane
Constellation
Idris
Hurricane
m50
Constellation
Hornet
Vanguard
350r
Idris
Orion
Merchantman
Avenger
Carrack
Hawk
Sabre
Sabre

-------------------------
ROUND 48
-------------------------

CARDS IN PLAY
Vanguard
Hawk

-------------------------

AI PLAYER 4 SELECTS firepower

Vanguard : firepower 5
Hawk : firepower 4
-------------------------

AI PLAYER 2 WINS ROUND 48
-------------------------
ALLOCATED DECKS

USER DECK
Merchantman
Vanguard
Hornet
Carrack
Hawk
Vanguard

AI PLAYER 4's DECK
m50
Hurricane
Avenger
Hornet
Constellation
Idris
Orion
m50
Avenger
Avenger
Carrack
350r
Orion
350r
Sabre
Hawk
Merchantman
Hurricane
Constellation
Idris
Hurricane
m50
Constellation
Hornet
Vanguard
350r
Idris
Orion
Merchantman
Avenger
Carrack
Hawk
Sabre
Sabre

-------------------------
ROUND 49
-------------------------

CARDS IN PLAY
Merchantman
m50

-------------------------

AI PLAYER 2 SELECTS cargo

Merchantman : cargo 8
m50 : cargo 0
-------------------------

AI PLAYER 2 WINS ROUND 49
-------------------------
ALLOCATED DECKS

USER DECK
Vanguard
Hornet
Carrack
Hawk
Vanguard
Merchantman
m50

AI PLAYER 4's DECK
Hurricane
Avenger
Hornet
Constellation
Idris
Orion
m50
Avenger
Avenger
Carrack
350r
Orion
350r
Sabre
Hawk
Merchantman
Hurricane
Constellation
Idris
Hurricane
m50
Constellation
Hornet
Vanguard
350r
Idris
Orion
Merchantman
Avenger
Carrack
Hawk
Sabre
Sabre

-------------------------
ROUND 50
-------------------------

CARDS IN PLAY
Vanguard
Hurricane

-------------------------

AI PLAYER 2 SELECTS range

Vanguard : range 5
Hurricane : range 3
-------------------------

AI PLAYER 2 WINS ROUND 50
-------------------------
ALLOCATED DECKS

USER DECK
Hornet
Carrack
Hawk
Vanguard
Merchantman
m50
Vanguard
Hurricane

AI PLAYER 4's DECK
Avenger
Hornet
Constellation
Idris
Orion
m50
Avenger
Avenger
Carrack
350r
Orion
350r
Sabre
Hawk
Merchantman
Hurricane
Constellation
Idris
Hurricane
m50
Constellation
Hornet
Vanguard
350r
Idris
Orion
Merchantman
Avenger
Carrack
Hawk
Sabre
Sabre

-------------------------
ROUND 51
-------------------------

CARDS IN PLAY
Hornet
Avenger

-------------------------

AI PLAYER 2 SELECTS speed

Hornet : speed 5
Avenger : speed 5
-------------------------
ROUND 51 DRAW BETWEEN AI PLAYER 2 AI PLAYER 4 
-------------------------

COMMUNAL DECK UPDATED
Hornet Avenger ADDED TO COMMUNAL DECK
COMMUNAL DECK NO CONTAINS 2 CARDS:
Hornet Avenger 
-------------------------
ALLOCATED DECKS

USER DECK
Carrack
Hawk
Vanguard
Merchantman
m50
Vanguard
Hurricane

AI PLAYER 4's DECK
Hornet
Constellation
Idris
Orion
m50
Avenger
Avenger
Carrack
350r
Orion
350r
Sabre
Hawk
Merchantman
Hurricane
Constellation
Idris
Hurricane
m50
Constellation
Hornet
Vanguard
350r
Idris
Orion
Merchantman
Avenger
Carrack
Hawk
Sabre
Sabre

-------------------------
ROUND 52
-------------------------

CARDS IN PLAY
Carrack
Hornet

-------------------------

AI PLAYER 2 SELECTS range

Carrack : range 10
Hornet : range 3
-------------------------

COMMUNAL DECK UPDATED
COMMUNAL DECK NOW EMPTY
-------------------------

AI PLAYER 2 WINS ROUND 52
-------------------------
ALLOCATED DECKS

USER DECK
Hawk
Vanguard
Merchantman
m50
Vanguard
Hurricane
Carrack
Hornet
Hornet
Avenger

AI PLAYER 4's DECK
Constellation
Idris
Orion
m50
Avenger
Avenger
Carrack
350r
Orion
350r
Sabre
Hawk
Merchantman
Hurricane
Constellation
Idris
Hurricane
m50
Constellation
Hornet
Vanguard
350r
Idris
Orion
Merchantman
Avenger
Carrack
Hawk
Sabre
Sabre

-------------------------
ROUND 53
-------------------------

CARDS IN PLAY
Hawk
Constellation

-------------------------

AI PLAYER 2 SELECTS firepower

Hawk : firepower 4
Constellation : firepower 3
-------------------------

AI PLAYER 2 WINS ROUND 53
-------------------------
ALLOCATED DECKS

USER DECK
Vanguard
Merchantman
m50
Vanguard
Hurricane
Carrack
Hornet
Hornet
Avenger
Hawk
Constellation

AI PLAYER 4's DECK
Idris
Orion
m50
Avenger
Avenger
Carrack
350r
Orion
350r
Sabre
Hawk
Merchantman
Hurricane
Constellation
Idris
Hurricane
m50
Constellation
Hornet
Vanguard
350r
Idris
Orion
Merchantman
Avenger
Carrack
Hawk
Sabre
Sabre

-------------------------
ROUND 54
-------------------------

CARDS IN PLAY
Vanguard
Idris

-------------------------

AI PLAYER 2 SELECTS range

Vanguard : range 5
Idris : range 7
-------------------------

AI PLAYER 4 WINS ROUND 54
-------------------------
ALLOCATED DECKS

USER DECK
Merchantman
m50
Vanguard
Hurricane
Carrack
Hornet
Hornet
Avenger
Hawk
Constellation

AI PLAYER 4's DECK
Orion
m50
Avenger
Avenger
Carrack
350r
Orion
350r
Sabre
Hawk
Merchantman
Hurricane
Constellation
Idris
Hurricane
m50
Constellation
Hornet
Vanguard
350r
Idris
Orion
Merchantman
Avenger
Carrack
Hawk
Sabre
Sabre
Vanguard
Idris

-------------------------
ROUND 55
-------------------------

CARDS IN PLAY
Merchantman
Orion

-------------------------

AI PLAYER 4 SELECTS size

Merchantman : size 7
Orion : size 10
-------------------------

AI PLAYER 4 WINS ROUND 55
-------------------------
ALLOCATED DECKS

USER DECK
m50
Vanguard
Hurricane
Carrack
Hornet
Hornet
Avenger
Hawk
Constellation

AI PLAYER 4's DECK
m50
Avenger
Avenger
Carrack
350r
Orion
350r
Sabre
Hawk
Merchantman
Hurricane
Constellation
Idris
Hurricane
m50
Constellation
Hornet
Vanguard
350r
Idris
Orion
Merchantman
Avenger
Carrack
Hawk
Sabre
Sabre
Vanguard
Idris
Merchantman
Orion

-------------------------
ROUND 56
-------------------------

CARDS IN PLAY
m50
m50

-------------------------

AI PLAYER 4 SELECTS speed

m50 : speed 10
m50 : speed 10
-------------------------
ROUND 56 DRAW BETWEEN AI PLAYER 2 AI PLAYER 4 
-------------------------

COMMUNAL DECK UPDATED
m50 m50 ADDED TO COMMUNAL DECK
COMMUNAL DECK NO CONTAINS 2 CARDS:
m50 m50 
-------------------------
ALLOCATED DECKS

USER DECK
Vanguard
Hurricane
Carrack
Hornet
Hornet
Avenger
Hawk
Constellation

AI PLAYER 4's DECK
Avenger
Avenger
Carrack
350r
Orion
350r
Sabre
Hawk
Merchantman
Hurricane
Constellation
Idris
Hurricane
m50
Constellation
Hornet
Vanguard
350r
Idris
Orion
Merchantman
Avenger
Carrack
Hawk
Sabre
Sabre
Vanguard
Idris
Merchantman
Orion

-------------------------
ROUND 57
-------------------------

CARDS IN PLAY
Vanguard
Avenger

-------------------------

AI PLAYER 4 SELECTS speed

Vanguard : speed 4
Avenger : speed 5
-------------------------

COMMUNAL DECK UPDATED
COMMUNAL DECK NOW EMPTY
-------------------------

AI PLAYER 4 WINS ROUND 57
-------------------------
ALLOCATED DECKS

USER DECK
Hurricane
Carrack
Hornet
Hornet
Avenger
Hawk
Constellation

AI PLAYER 4's DECK
Avenger
Carrack
350r
Orion
350r
Sabre
Hawk
Merchantman
Hurricane
Constellation
Idris
Hurricane
m50
Constellation
Hornet
Vanguard
350r
Idris
Orion
Merchantman
Avenger
Carrack
Hawk
Sabre
Sabre
Vanguard
Idris
Merchantman
Orion
Avenger
Vanguard
m50
m50

-------------------------
ROUND 58
-------------------------

CARDS IN PLAY
Hurricane
Avenger

-------------------------

AI PLAYER 4 SELECTS speed

Hurricane : speed 5
Avenger : speed 5
-------------------------
ROUND 58 DRAW BETWEEN AI PLAYER 2 AI PLAYER 4 
-------------------------

COMMUNAL DECK UPDATED
Hurricane Avenger ADDED TO COMMUNAL DECK
COMMUNAL DECK NO CONTAINS 2 CARDS:
Hurricane Avenger 
-------------------------
ALLOCATED DECKS

USER DECK
Carrack
Hornet
Hornet
Avenger
Hawk
Constellation

AI PLAYER 4's DECK
Carrack
350r
Orion
350r
Sabre
Hawk
Merchantman
Hurricane
Constellation
Idris
Hurricane
m50
Constellation
Hornet
Vanguard
350r
Idris
Orion
Merchantman
Avenger
Carrack
Hawk
Sabre
Sabre
Vanguard
Idris
Merchantman
Orion
Avenger
Vanguard
m50
m50

-------------------------
ROUND 59
-------------------------

CARDS IN PLAY
Carrack
Carrack

-------------------------

AI PLAYER 4 SELECTS range

Carrack : range 10
Carrack : range 10
-------------------------
ROUND 59 DRAW BETWEEN AI PLAYER 2 AI PLAYER 4 
-------------------------

COMMUNAL DECK UPDATED
Carrack Carrack ADDED TO COMMUNAL DECK
COMMUNAL DECK NO CONTAINS 4 CARDS:
Hurricane Avenger Carrack Carrack 
-------------------------
ALLOCATED DECKS

USER DECK
Hornet
Hornet
Avenger
Hawk
Constellation

AI PLAYER 4's DECK
350r
Orion
350r
Sabre
Hawk
Merchantman
Hurricane
Constellation
Idris
Hurricane
m50
Constellation
Hornet
Vanguard
350r
Idris
Orion
Merchantman
Avenger
Carrack
Hawk
Sabre
Sabre
Vanguard
Idris
Merchantman
Orion
Avenger
Vanguard
m50
m50

-------------------------
ROUND 60
-------------------------

CARDS IN PLAY
Hornet
350r

-------------------------

AI PLAYER 4 SELECTS speed

Hornet : speed 5
350r : speed 9
-------------------------

COMMUNAL DECK UPDATED
COMMUNAL DECK NOW EMPTY
-------------------------

AI PLAYER 4 WINS ROUND 60
-------------------------
ALLOCATED DECKS

USER DECK
Hornet
Avenger
Hawk
Constellation

AI PLAYER 4's DECK
Orion
350r
Sabre
Hawk
Merchantman
Hurricane
Constellation
Idris
Hurricane
m50
Constellation
Hornet
Vanguard
350r
Idris
Orion
Merchantman
Avenger
Carrack
Hawk
Sabre
Sabre
Vanguard
Idris
Merchantman
Orion
Avenger
Vanguard
m50
m50
Hornet
350r
Avenger
Hurricane
Carrack
Carrack

-------------------------
ROUND 61
-------------------------

CARDS IN PLAY
Hornet
Orion

-------------------------

AI PLAYER 4 SELECTS size

Hornet : size 2
Orion : size 10
-------------------------

AI PLAYER 4 WINS ROUND 61
-------------------------
ALLOCATED DECKS

USER DECK
Avenger
Hawk
Constellation

AI PLAYER 4's DECK
350r
Sabre
Hawk
Merchantman
Hurricane
Constellation
Idris
Hurricane
m50
Constellation
Hornet
Vanguard
350r
Idris
Orion
Merchantman
Avenger
Carrack
Hawk
Sabre
Sabre
Vanguard
Idris
Merchantman
Orion
Avenger
Vanguard
m50
m50
Hornet
350r
Avenger
Hurricane
Carrack
Carrack
Hornet
Orion

-------------------------
ROUND 62
-------------------------

CARDS IN PLAY
Avenger
350r

-------------------------

AI PLAYER 4 SELECTS speed

Avenger : speed 5
350r : speed 9
-------------------------

AI PLAYER 4 WINS ROUND 62
-------------------------
ALLOCATED DECKS

USER DECK
Hawk
Constellation

AI PLAYER 4's DECK
Sabre
Hawk
Merchantman
Hurricane
Constellation
Idris
Hurricane
m50
Constellation
Hornet
Vanguard
350r
Idris
Orion
Merchantman
Avenger
Carrack
Hawk
Sabre
Sabre
Vanguard
Idris
Merchantman
Orion
Avenger
Vanguard
m50
m50
Hornet
350r
Avenger
Hurricane
Carrack
Carrack
Hornet
Orion
350r
Avenger

-------------------------
ROUND 63
-------------------------

CARDS IN PLAY
Hawk
Sabre

-------------------------

AI PLAYER 4 SELECTS speed

Hawk : speed 3
Sabre : speed 7
-------------------------

AI PLAYER 4 WINS ROUND 63
-------------------------
ALLOCATED DECKS

USER DECK
Constellation

AI PLAYER 4's DECK
Hawk
Merchantman
Hurricane
Constellation
Idris
Hurricane
m50
Constellation
Hornet
Vanguard
350r
Idris
Orion
Merchantman
Avenger
Carrack
Hawk
Sabre
Sabre
Vanguard
Idris
Merchantman
Orion
Avenger
Vanguard
m50
m50
Hornet
350r
Avenger
Hurricane
Carrack
Carrack
Hornet
Orion
350r
Avenger
Hawk
Sabre

-------------------------
ROUND 64
-------------------------

CARDS IN PLAY
Constellation
Hawk

-------------------------

AI PLAYER 4 SELECTS firepower

Constellation : firepower 3
Hawk : firepower 4
-------------------------

AI PLAYER 4 WINS ROUND 64
-------------------------
ALLOCATED DECKS

USER DECK

AI PLAYER 4's DECK
Merchantman
Hurricane
Constellation
Idris
Hurricane
m50
Constellation
Hornet
Vanguard
350r
Idris
Orion
Merchantman
Avenger
Carrack
Hawk
Sabre
Sabre
Vanguard
Idris
Merchantman
Orion
Avenger
Vanguard
m50
m50
Hornet
350r
Avenger
Hurricane
Carrack
Carrack
Hornet
Orion
350r
Avenger
Hawk
Sabre
Constellation
Hawk

-------------------------

AI PLAYER 2 ELIMINATED
-------------------------

AI PLAYER 4 WINS GAME
-------------------------
